2024-11-28 12:12:14,416 - INFO - Processing dataset: energy_1
2024-11-29 18:53:10,856 - INFO - Processing dataset: energy_1
2024-11-29 18:54:22,245 - INFO - Processing dataset: energy_1
2024-12-04 17:10:30,712 - INFO - Generating synthetic data...
2024-12-04 17:10:31,715 - INFO - Data shapes - Train: (1000, 700, 3), Val: (1000, 150, 3), Test: (1000, 150, 3)
2024-12-04 17:10:31,973 - INFO - Starting training...
2024-12-04 20:17:17,434 - INFO - Generating synthetic data...
2024-12-04 20:17:18,405 - INFO - Data shapes - Train: (1000, 700, 3), Val: (1000, 150, 3), Test: (1000, 150, 3)
2024-12-04 20:17:18,699 - INFO - Starting training...
2024-12-04 20:19:57,691 - INFO - Generating synthetic data...
2024-12-04 20:19:58,682 - INFO - Data shapes - Train: (1000, 700, 3), Val: (1000, 150, 3), Test: (1000, 150, 3)
2024-12-04 20:19:58,948 - INFO - Starting training...
2024-12-04 20:25:43,284 - INFO - Generating synthetic data...
2024-12-04 20:25:44,292 - INFO - Data shapes - Train: (1000, 700, 3), Val: (1000, 150, 3), Test: (1000, 150, 3)
2024-12-04 20:25:44,574 - INFO - Starting training...
2024-12-04 20:30:27,812 - INFO - Generating synthetic data...
2024-12-04 20:30:28,826 - INFO - Data shapes - Train: (1000, 700, 3), Val: (1000, 150, 3), Test: (1000, 150, 3)
2024-12-04 20:30:29,082 - INFO - Starting training...
2024-12-04 20:31:33,401 - INFO - Epoch 0, Progress: 0.2%, Batch 0/567, Loss: 1.1748, Point Loss: 1.1544, Dist Loss: 1.4263, Uncert Loss: 0.7125, ETA: 36164s
2024-12-04 20:36:31,034 - INFO - Generating synthetic data...
2024-12-04 20:36:31,140 - INFO - Data shapes - Train: (100, 700, 3), Val: (100, 150, 3), Test: (100, 150, 3)
2024-12-04 20:36:31,347 - INFO - Starting training...
2024-12-04 20:36:40,585 - INFO - Epoch 0, Progress: 0.2%, Batch 0/454, Loss: 1.1583, Point Loss: 1.2151, Dist Loss: 1.3283, Uncert Loss: 0.7046, ETA: 3988s
2024-12-04 20:46:17,204 - INFO - Epoch 0, Progress: 11.2%, Batch 50/454, Loss: 0.7167, Point Loss: 0.3234, Dist Loss: 1.1253, Uncert Loss: 0.6862, ETA: 4626s
2024-12-04 20:48:49,938 - INFO - Generating synthetic data...
2024-12-04 20:48:50,043 - INFO - Data shapes - Train: (100, 700, 3), Val: (100, 150, 3), Test: (100, 150, 3)
2024-12-04 20:48:50,101 - INFO - Starting training...
2024-12-04 20:48:53,209 - INFO - Epoch 0, Progress: 0.2%, Batch 0/454, Loss: 1.1959, Point Loss: 1.2336, Dist Loss: 1.3953, Uncert Loss: 0.7220, ETA: 1210s
2024-12-04 20:49:25,844 - INFO - Epoch 0, Progress: 11.2%, Batch 50/454, Loss: 0.7304, Point Loss: 0.2879, Dist Loss: 1.2053, Uncert Loss: 0.6654, ETA: 279s
2024-12-04 20:49:55,416 - INFO - Epoch 0, Progress: 22.2%, Batch 100/454, Loss: 0.7942, Point Loss: 0.2456, Dist Loss: 1.4445, Uncert Loss: 0.5908, ETA: 227s
2024-12-04 20:50:25,033 - INFO - Epoch 0, Progress: 33.3%, Batch 150/454, Loss: 0.7653, Point Loss: 0.2181, Dist Loss: 1.3850, Uncert Loss: 0.6202, ETA: 190s
2024-12-04 20:50:58,536 - INFO - Epoch 0, Progress: 44.3%, Batch 200/454, Loss: 0.6372, Point Loss: 0.1327, Dist Loss: 1.1498, Uncert Loss: 0.6210, ETA: 161s
2024-12-04 20:51:57,457 - INFO - Epoch 0, Progress: 55.3%, Batch 250/454, Loss: 0.6316, Point Loss: 0.1656, Dist Loss: 1.0818, Uncert Loss: 0.6629, ETA: 151s
2024-12-04 20:52:27,842 - INFO - Epoch 0, Progress: 66.3%, Batch 300/454, Loss: 0.4268, Point Loss: 0.1322, Dist Loss: 0.6367, Uncert Loss: 0.5962, ETA: 110s
2024-12-04 20:52:58,797 - INFO - Epoch 0, Progress: 77.3%, Batch 350/454, Loss: 0.4562, Point Loss: 0.1748, Dist Loss: 0.6677, Uncert Loss: 0.5963, ETA: 73s
2024-12-04 20:53:38,790 - INFO - Epoch 0, Progress: 88.3%, Batch 400/454, Loss: 0.4309, Point Loss: 0.1570, Dist Loss: 0.5914, Uncert Loss: 0.6577, ETA: 38s
2024-12-04 20:54:16,897 - INFO - Epoch 0, Progress: 99.3%, Batch 450/454, Loss: 0.4442, Point Loss: 0.1684, Dist Loss: 0.6115, Uncert Loss: 0.6612, ETA: 2s
2024-12-04 20:54:26,999 - INFO - Epoch 0 completed in 336s, Train Loss: 0.6396, Val Loss: 0.2183
2024-12-04 20:54:27,075 - INFO - Saved best model checkpoint to checkpoints/synthetic/hydra_best.pt
2024-12-04 20:54:30,300 - INFO - Epoch 1, Progress: 0.2%, Batch 0/454, Loss: 0.4194, Point Loss: 0.1529, Dist Loss: 0.5660, Uncert Loss: 0.6592, ETA: 1461s
2024-12-04 20:55:05,977 - INFO - Epoch 1, Progress: 11.2%, Batch 50/454, Loss: 0.5068, Point Loss: 0.2154, Dist Loss: 0.6996, Uncert Loss: 0.7038, ETA: 307s
2024-12-04 20:55:36,625 - INFO - Epoch 1, Progress: 22.2%, Batch 100/454, Loss: 0.3305, Point Loss: 0.1153, Dist Loss: 0.3812, Uncert Loss: 0.6599, ETA: 243s
2024-12-04 20:56:06,271 - INFO - Epoch 1, Progress: 33.3%, Batch 150/454, Loss: 0.5824, Point Loss: 0.2536, Dist Loss: 0.8723, Uncert Loss: 0.6600, ETA: 199s
2024-12-04 20:57:11,183 - INFO - Epoch 1, Progress: 44.3%, Batch 200/454, Loss: 0.4361, Point Loss: 0.1919, Dist Loss: 0.6004, Uncert Loss: 0.5961, ETA: 207s
2024-12-04 20:57:39,694 - INFO - Epoch 1, Progress: 55.3%, Batch 250/454, Loss: 0.3472, Point Loss: 0.1204, Dist Loss: 0.4382, Uncert Loss: 0.6185, ETA: 156s
2024-12-04 20:58:08,938 - INFO - Epoch 1, Progress: 66.3%, Batch 300/454, Loss: 0.3530, Point Loss: 0.1345, Dist Loss: 0.4210, Uncert Loss: 0.6541, ETA: 113s
2024-12-04 20:58:37,955 - INFO - Epoch 1, Progress: 77.3%, Batch 350/454, Loss: 0.3933, Point Loss: 0.1562, Dist Loss: 0.5075, Uncert Loss: 0.6390, ETA: 74s
2024-12-04 20:59:08,604 - INFO - Epoch 1, Progress: 88.3%, Batch 400/454, Loss: 0.3565, Point Loss: 0.1438, Dist Loss: 0.4293, Uncert Loss: 0.6362, ETA: 37s
2024-12-04 20:59:39,515 - INFO - Epoch 1, Progress: 99.3%, Batch 450/454, Loss: 0.3976, Point Loss: 0.1426, Dist Loss: 0.5025, Uncert Loss: 0.6979, ETA: 2s
2024-12-04 20:59:48,125 - INFO - Epoch 1 completed in 321s, Train Loss: 0.3983, Val Loss: 0.1975
2024-12-04 20:59:48,180 - INFO - Saved best model checkpoint to checkpoints/synthetic/hydra_best.pt
2024-12-04 20:59:50,911 - INFO - Epoch 2, Progress: 0.2%, Batch 0/454, Loss: 0.3581, Point Loss: 0.1213, Dist Loss: 0.4389, Uncert Loss: 0.6703, ETA: 1237s
2024-12-04 21:00:21,970 - INFO - Epoch 2, Progress: 11.2%, Batch 50/454, Loss: 0.4449, Point Loss: 0.1643, Dist Loss: 0.6308, Uncert Loss: 0.6346, ETA: 267s
2024-12-04 21:00:57,745 - INFO - Epoch 2, Progress: 22.2%, Batch 100/454, Loss: 0.3179, Point Loss: 0.1066, Dist Loss: 0.3553, Uncert Loss: 0.6657, ETA: 243s
2024-12-04 21:01:32,383 - INFO - Epoch 2, Progress: 33.3%, Batch 150/454, Loss: 0.3720, Point Loss: 0.1529, Dist Loss: 0.4724, Uncert Loss: 0.6094, ETA: 209s
2024-12-04 21:02:03,624 - INFO - Epoch 2, Progress: 44.3%, Batch 200/454, Loss: 0.2983, Point Loss: 0.1063, Dist Loss: 0.3173, Uncert Loss: 0.6442, ETA: 170s
2024-12-04 21:02:34,840 - INFO - Epoch 2, Progress: 55.3%, Batch 250/454, Loss: 0.3335, Point Loss: 0.1200, Dist Loss: 0.3991, Uncert Loss: 0.6294, ETA: 135s
2024-12-04 21:03:05,946 - INFO - Epoch 2, Progress: 66.3%, Batch 300/454, Loss: 0.4010, Point Loss: 0.1586, Dist Loss: 0.5282, Uncert Loss: 0.6315, ETA: 101s
2024-12-04 21:03:37,596 - INFO - Epoch 2, Progress: 77.3%, Batch 350/454, Loss: 0.3377, Point Loss: 0.1283, Dist Loss: 0.3849, Uncert Loss: 0.6621, ETA: 67s
2024-12-04 21:04:08,486 - INFO - Epoch 2, Progress: 88.3%, Batch 400/454, Loss: 0.3137, Point Loss: 0.0996, Dist Loss: 0.3503, Uncert Loss: 0.6688, ETA: 34s
2024-12-04 21:04:39,757 - INFO - Epoch 2, Progress: 99.3%, Batch 450/454, Loss: 0.3441, Point Loss: 0.1138, Dist Loss: 0.4229, Uncert Loss: 0.6472, ETA: 2s
2024-12-04 21:04:48,500 - INFO - Epoch 2 completed in 300s, Train Loss: 0.3464, Val Loss: 0.1413
2024-12-04 21:04:48,557 - INFO - Saved best model checkpoint to checkpoints/synthetic/hydra_best.pt
2024-12-04 21:04:51,256 - INFO - Epoch 3, Progress: 0.2%, Batch 0/454, Loss: 0.2282, Point Loss: 0.0971, Dist Loss: 0.2081, Uncert Loss: 0.5306, ETA: 1222s
2024-12-04 21:05:24,681 - INFO - Epoch 3, Progress: 11.2%, Batch 50/454, Loss: 0.3158, Point Loss: 0.1164, Dist Loss: 0.3529, Uncert Loss: 0.6406, ETA: 285s
2024-12-04 21:06:37,428 - INFO - Epoch 3, Progress: 22.2%, Batch 100/454, Loss: 0.2808, Point Loss: 0.0984, Dist Loss: 0.2828, Uncert Loss: 0.6414, ETA: 381s
2024-12-04 21:09:32,807 - INFO - Epoch 3, Progress: 33.3%, Batch 150/454, Loss: 0.2713, Point Loss: 0.0946, Dist Loss: 0.2678, Uncert Loss: 0.6317, ETA: 570s
2024-12-04 21:10:02,163 - INFO - Epoch 3, Progress: 44.3%, Batch 200/454, Loss: 0.3596, Point Loss: 0.1458, Dist Loss: 0.4308, Uncert Loss: 0.6449, ETA: 395s
2024-12-04 21:10:31,045 - INFO - Epoch 3, Progress: 55.3%, Batch 250/454, Loss: 0.2959, Point Loss: 0.1057, Dist Loss: 0.3077, Uncert Loss: 0.6528, ETA: 277s
2024-12-04 21:11:00,028 - INFO - Epoch 3, Progress: 66.3%, Batch 300/454, Loss: 0.2769, Point Loss: 0.0964, Dist Loss: 0.2676, Uncert Loss: 0.6563, ETA: 189s
2024-12-04 21:11:31,063 - INFO - Epoch 3, Progress: 77.3%, Batch 350/454, Loss: 0.3136, Point Loss: 0.1257, Dist Loss: 0.3633, Uncert Loss: 0.5899, ETA: 118s
2024-12-04 21:12:00,142 - INFO - Epoch 3, Progress: 88.3%, Batch 400/454, Loss: 0.2641, Point Loss: 0.0927, Dist Loss: 0.2325, Uncert Loss: 0.6700, ETA: 57s
2024-12-04 21:12:29,362 - INFO - Epoch 3, Progress: 99.3%, Batch 450/454, Loss: 0.2771, Point Loss: 0.0918, Dist Loss: 0.2657, Uncert Loss: 0.6704, ETA: 3s
2024-12-04 21:12:37,564 - INFO - Epoch 3 completed in 469s, Train Loss: 0.3027, Val Loss: 0.2211
2024-12-04 21:12:40,150 - INFO - Epoch 4, Progress: 0.2%, Batch 0/454, Loss: 0.2335, Point Loss: 0.0728, Dist Loss: 0.1818, Uncert Loss: 0.6584, ETA: 1171s
2024-12-04 21:13:09,761 - INFO - Epoch 4, Progress: 11.2%, Batch 50/454, Loss: 0.2482, Point Loss: 0.0779, Dist Loss: 0.1993, Uncert Loss: 0.6865, ETA: 254s
2024-12-04 21:22:42,631 - INFO - Epoch 4, Progress: 22.2%, Batch 100/454, Loss: 0.2934, Point Loss: 0.1020, Dist Loss: 0.3328, Uncert Loss: 0.5977, ETA: 2115s
2024-12-04 21:23:10,744 - INFO - Epoch 4, Progress: 33.3%, Batch 150/454, Loss: 0.2604, Point Loss: 0.0893, Dist Loss: 0.2243, Uncert Loss: 0.6748, ETA: 1271s
2024-12-04 21:23:39,276 - INFO - Epoch 4, Progress: 44.3%, Batch 200/454, Loss: 0.2619, Point Loss: 0.0919, Dist Loss: 0.2326, Uncert Loss: 0.6606, ETA: 833s
2024-12-04 21:24:08,066 - INFO - Epoch 4, Progress: 55.3%, Batch 250/454, Loss: 0.2433, Point Loss: 0.0861, Dist Loss: 0.2288, Uncert Loss: 0.5866, ETA: 558s
2024-12-04 21:24:36,961 - INFO - Epoch 4, Progress: 66.3%, Batch 300/454, Loss: 0.2184, Point Loss: 0.0846, Dist Loss: 0.1639, Uncert Loss: 0.5949, ETA: 366s
2024-12-04 21:25:05,909 - INFO - Epoch 4, Progress: 77.3%, Batch 350/454, Loss: 0.2326, Point Loss: 0.0778, Dist Loss: 0.1697, Uncert Loss: 0.6678, ETA: 220s
2024-12-04 21:28:09,910 - INFO - Epoch 4, Progress: 88.3%, Batch 400/454, Loss: 0.2269, Point Loss: 0.0783, Dist Loss: 0.1765, Uncert Loss: 0.6248, ETA: 123s
2024-12-04 21:30:48,172 - INFO - Epoch 4, Progress: 99.3%, Batch 450/454, Loss: 0.2340, Point Loss: 0.0770, Dist Loss: 0.1752, Uncert Loss: 0.6656, ETA: 7s
2024-12-04 21:31:21,713 - INFO - Epoch 4 completed in 1124s, Train Loss: 0.2737, Val Loss: 0.1511
2024-12-04 21:31:41,403 - INFO - Epoch 5, Progress: 0.2%, Batch 0/454, Loss: 0.2838, Point Loss: 0.1006, Dist Loss: 0.2912, Uncert Loss: 0.6355, ETA: 8333s
2024-12-04 21:32:16,304 - INFO - Epoch 5, Progress: 11.2%, Batch 50/454, Loss: 0.2405, Point Loss: 0.0842, Dist Loss: 0.1931, Uncert Loss: 0.6479, ETA: 421s
2024-12-04 21:32:46,678 - INFO - Epoch 5, Progress: 22.2%, Batch 100/454, Loss: 0.2499, Point Loss: 0.1012, Dist Loss: 0.2189, Uncert Loss: 0.6093, ETA: 292s
2024-12-04 21:33:15,164 - INFO - Epoch 5, Progress: 33.3%, Batch 150/454, Loss: 0.2508, Point Loss: 0.0985, Dist Loss: 0.2274, Uncert Loss: 0.6020, ETA: 225s
2024-12-04 21:33:43,883 - INFO - Epoch 5, Progress: 44.3%, Batch 200/454, Loss: 0.2196, Point Loss: 0.0767, Dist Loss: 0.1417, Uncert Loss: 0.6614, ETA: 177s
2024-12-04 21:34:13,019 - INFO - Epoch 5, Progress: 55.3%, Batch 250/454, Loss: 0.2997, Point Loss: 0.1149, Dist Loss: 0.3272, Uncert Loss: 0.6141, ETA: 137s
2024-12-04 21:34:42,959 - INFO - Epoch 5, Progress: 66.3%, Batch 300/454, Loss: 0.2287, Point Loss: 0.0871, Dist Loss: 0.1912, Uncert Loss: 0.5868, ETA: 102s
2024-12-04 21:35:11,801 - INFO - Epoch 5, Progress: 77.3%, Batch 350/454, Loss: 0.2337, Point Loss: 0.0792, Dist Loss: 0.1764, Uncert Loss: 0.6570, ETA: 67s
2024-12-04 21:35:42,635 - INFO - Epoch 5, Progress: 88.3%, Batch 400/454, Loss: 0.2372, Point Loss: 0.0915, Dist Loss: 0.2129, Uncert Loss: 0.5770, ETA: 34s
2024-12-04 21:36:14,082 - INFO - Epoch 5, Progress: 99.3%, Batch 450/454, Loss: 0.2483, Point Loss: 0.0858, Dist Loss: 0.2018, Uncert Loss: 0.6660, ETA: 2s
2024-12-04 21:36:22,545 - INFO - Epoch 5 completed in 300s, Train Loss: 0.2535, Val Loss: 0.2249
2024-12-04 21:36:25,159 - INFO - Epoch 6, Progress: 0.2%, Batch 0/454, Loss: 0.2165, Point Loss: 0.0763, Dist Loss: 0.1486, Uncert Loss: 0.6326, ETA: 1184s
2024-12-04 21:36:58,836 - INFO - Epoch 6, Progress: 11.2%, Batch 50/454, Loss: 0.2439, Point Loss: 0.0868, Dist Loss: 0.2059, Uncert Loss: 0.6339, ETA: 287s
2024-12-04 21:37:33,514 - INFO - Epoch 6, Progress: 22.2%, Batch 100/454, Loss: 0.2571, Point Loss: 0.0897, Dist Loss: 0.2182, Uncert Loss: 0.6698, ETA: 248s
2024-12-04 21:38:08,614 - INFO - Epoch 6, Progress: 33.3%, Batch 150/454, Loss: 0.2566, Point Loss: 0.0870, Dist Loss: 0.2269, Uncert Loss: 0.6551, ETA: 213s
2024-12-04 21:38:40,971 - INFO - Epoch 6, Progress: 44.3%, Batch 200/454, Loss: 0.2469, Point Loss: 0.0785, Dist Loss: 0.2037, Uncert Loss: 0.6702, ETA: 174s
2024-12-04 21:39:14,760 - INFO - Epoch 6, Progress: 55.3%, Batch 250/454, Loss: 0.2136, Point Loss: 0.0724, Dist Loss: 0.1486, Uncert Loss: 0.6262, ETA: 139s
2024-12-04 21:39:49,761 - INFO - Epoch 6, Progress: 66.3%, Batch 300/454, Loss: 0.2622, Point Loss: 0.0894, Dist Loss: 0.2235, Uncert Loss: 0.6854, ETA: 105s
2024-12-04 21:40:21,882 - INFO - Epoch 6, Progress: 77.3%, Batch 350/454, Loss: 0.2761, Point Loss: 0.1069, Dist Loss: 0.2632, Uncert Loss: 0.6405, ETA: 70s
2024-12-04 21:41:00,598 - INFO - Epoch 6, Progress: 88.3%, Batch 400/454, Loss: 0.1929, Point Loss: 0.0642, Dist Loss: 0.1222, Uncert Loss: 0.5920, ETA: 37s
2024-12-04 21:41:37,314 - INFO - Epoch 6, Progress: 99.3%, Batch 450/454, Loss: 0.2293, Point Loss: 0.0831, Dist Loss: 0.1794, Uncert Loss: 0.6216, ETA: 2s
2024-12-04 21:41:46,476 - INFO - Epoch 6 completed in 324s, Train Loss: 0.2345, Val Loss: 0.2051
2024-12-04 21:41:49,281 - INFO - Epoch 7, Progress: 0.2%, Batch 0/454, Loss: 0.2171, Point Loss: 0.0721, Dist Loss: 0.1496, Uncert Loss: 0.6422, ETA: 1270s
2024-12-04 21:42:22,153 - INFO - Epoch 7, Progress: 11.2%, Batch 50/454, Loss: 0.1970, Point Loss: 0.0718, Dist Loss: 0.1061, Uncert Loss: 0.6292, ETA: 282s
2024-12-04 21:42:57,298 - INFO - Epoch 7, Progress: 22.2%, Batch 100/454, Loss: 0.2227, Point Loss: 0.0890, Dist Loss: 0.1751, Uncert Loss: 0.5852, ETA: 248s
2024-12-04 21:43:31,358 - INFO - Epoch 7, Progress: 33.3%, Batch 150/454, Loss: 0.2602, Point Loss: 0.0820, Dist Loss: 0.2355, Uncert Loss: 0.6660, ETA: 210s
2024-12-04 21:44:04,592 - INFO - Epoch 7, Progress: 44.3%, Batch 200/454, Loss: 0.2488, Point Loss: 0.0801, Dist Loss: 0.2219, Uncert Loss: 0.6402, ETA: 174s
2024-12-04 21:44:37,008 - INFO - Epoch 7, Progress: 55.3%, Batch 250/454, Loss: 0.2132, Point Loss: 0.0863, Dist Loss: 0.1432, Uncert Loss: 0.6072, ETA: 138s
2024-12-04 21:45:09,421 - INFO - Epoch 7, Progress: 66.3%, Batch 300/454, Loss: 0.2455, Point Loss: 0.0893, Dist Loss: 0.2103, Uncert Loss: 0.6283, ETA: 103s
2024-12-04 21:45:44,883 - INFO - Epoch 7, Progress: 77.3%, Batch 350/454, Loss: 0.1989, Point Loss: 0.0750, Dist Loss: 0.1278, Uncert Loss: 0.5889, ETA: 70s
2024-12-04 21:46:19,780 - INFO - Epoch 7, Progress: 88.3%, Batch 400/454, Loss: 0.2112, Point Loss: 0.0688, Dist Loss: 0.1145, Uncert Loss: 0.6892, ETA: 36s
2024-12-04 21:46:55,842 - INFO - Epoch 7, Progress: 99.3%, Batch 450/454, Loss: 0.2217, Point Loss: 0.0895, Dist Loss: 0.1658, Uncert Loss: 0.5980, ETA: 2s
2024-12-04 21:47:05,455 - INFO - Epoch 7 completed in 319s, Train Loss: 0.2213, Val Loss: 0.1620
2024-12-04 21:47:08,435 - INFO - Epoch 8, Progress: 0.2%, Batch 0/454, Loss: 0.2000, Point Loss: 0.0824, Dist Loss: 0.1108, Uncert Loss: 0.6134, ETA: 1350s
2024-12-04 21:47:43,033 - INFO - Epoch 8, Progress: 11.2%, Batch 50/454, Loss: 0.2061, Point Loss: 0.0803, Dist Loss: 0.1290, Uncert Loss: 0.6117, ETA: 297s
2024-12-04 21:48:18,284 - INFO - Epoch 8, Progress: 22.2%, Batch 100/454, Loss: 0.2580, Point Loss: 0.0952, Dist Loss: 0.2384, Uncert Loss: 0.6229, ETA: 255s
2024-12-04 21:48:53,007 - INFO - Epoch 8, Progress: 33.3%, Batch 150/454, Loss: 0.2112, Point Loss: 0.0742, Dist Loss: 0.1389, Uncert Loss: 0.6296, ETA: 216s
2024-12-04 21:49:26,640 - INFO - Epoch 8, Progress: 44.3%, Batch 200/454, Loss: 0.1934, Point Loss: 0.0792, Dist Loss: 0.1097, Uncert Loss: 0.5895, ETA: 178s
2024-12-04 21:50:01,627 - INFO - Epoch 8, Progress: 55.3%, Batch 250/454, Loss: 0.2283, Point Loss: 0.0869, Dist Loss: 0.1699, Uncert Loss: 0.6277, ETA: 142s
2024-12-04 21:50:40,374 - INFO - Epoch 8, Progress: 66.3%, Batch 300/454, Loss: 0.2175, Point Loss: 0.0692, Dist Loss: 0.1395, Uncert Loss: 0.6701, ETA: 109s
2024-12-04 21:51:18,785 - INFO - Epoch 8, Progress: 77.3%, Batch 350/454, Loss: 0.2565, Point Loss: 0.0894, Dist Loss: 0.2194, Uncert Loss: 0.6651, ETA: 74s
2024-12-04 21:51:54,934 - INFO - Epoch 8, Progress: 88.3%, Batch 400/454, Loss: 0.1930, Point Loss: 0.0643, Dist Loss: 0.0935, Uncert Loss: 0.6494, ETA: 38s
2024-12-04 21:52:33,668 - INFO - Epoch 8, Progress: 99.3%, Batch 450/454, Loss: 0.2186, Point Loss: 0.0840, Dist Loss: 0.1740, Uncert Loss: 0.5771, ETA: 2s
2024-12-04 21:52:43,152 - INFO - Epoch 8 completed in 338s, Train Loss: 0.2102, Val Loss: 0.2224
2024-12-04 21:52:46,388 - INFO - Epoch 9, Progress: 0.2%, Batch 0/454, Loss: 0.2000, Point Loss: 0.0815, Dist Loss: 0.1238, Uncert Loss: 0.5896, ETA: 1465s
2024-12-04 21:53:22,566 - INFO - Epoch 9, Progress: 11.2%, Batch 50/454, Loss: 0.2189, Point Loss: 0.0894, Dist Loss: 0.1643, Uncert Loss: 0.5871, ETA: 311s
2024-12-04 21:53:56,419 - INFO - Epoch 9, Progress: 22.2%, Batch 100/454, Loss: 0.1872, Point Loss: 0.0659, Dist Loss: 0.1069, Uncert Loss: 0.5905, ETA: 256s
2024-12-04 21:54:33,005 - INFO - Epoch 9, Progress: 33.3%, Batch 150/454, Loss: 0.1659, Point Loss: 0.0584, Dist Loss: 0.0500, Uncert Loss: 0.6126, ETA: 220s
2024-12-04 21:55:07,686 - INFO - Epoch 9, Progress: 44.3%, Batch 200/454, Loss: 0.2279, Point Loss: 0.0900, Dist Loss: 0.1756, Uncert Loss: 0.6085, ETA: 182s
2024-12-04 21:55:41,385 - INFO - Epoch 9, Progress: 55.3%, Batch 250/454, Loss: 0.2583, Point Loss: 0.0995, Dist Loss: 0.2257, Uncert Loss: 0.6408, ETA: 144s
2024-12-04 21:56:14,983 - INFO - Epoch 9, Progress: 66.3%, Batch 300/454, Loss: 0.2485, Point Loss: 0.0845, Dist Loss: 0.2321, Uncert Loss: 0.6092, ETA: 108s
2024-12-04 21:56:48,770 - INFO - Epoch 9, Progress: 77.3%, Batch 350/454, Loss: 0.2249, Point Loss: 0.0811, Dist Loss: 0.1720, Uncert Loss: 0.6180, ETA: 72s
2024-12-04 21:57:23,363 - INFO - Epoch 9, Progress: 88.3%, Batch 400/454, Loss: 0.2401, Point Loss: 0.0847, Dist Loss: 0.2075, Uncert Loss: 0.6163, ETA: 37s
2024-12-04 21:57:57,925 - INFO - Epoch 9, Progress: 99.3%, Batch 450/454, Loss: 0.2533, Point Loss: 0.0713, Dist Loss: 0.2026, Uncert Loss: 0.7188, ETA: 2s
2024-12-04 21:58:07,525 - INFO - Epoch 9 completed in 324s, Train Loss: 0.1997, Val Loss: 0.1409
2024-12-04 21:58:07,582 - INFO - Saved best model checkpoint to checkpoints/synthetic/hydra_best.pt
2024-12-04 21:58:10,979 - INFO - Epoch 10, Progress: 0.2%, Batch 0/454, Loss: 0.1708, Point Loss: 0.0666, Dist Loss: 0.0411, Uncert Loss: 0.6386, ETA: 1442s
2024-12-04 21:58:55,361 - INFO - Epoch 10, Progress: 11.2%, Batch 50/454, Loss: 0.1878, Point Loss: 0.0784, Dist Loss: 0.1058, Uncert Loss: 0.5706, ETA: 376s
2024-12-04 21:59:39,791 - INFO - Epoch 10, Progress: 22.2%, Batch 100/454, Loss: 0.1992, Point Loss: 0.0691, Dist Loss: 0.1261, Uncert Loss: 0.6055, ETA: 322s
2024-12-04 22:00:19,141 - INFO - Epoch 10, Progress: 33.3%, Batch 150/454, Loss: 0.1955, Point Loss: 0.0781, Dist Loss: 0.1056, Uncert Loss: 0.6104, ETA: 264s
2024-12-04 22:00:53,471 - INFO - Epoch 10, Progress: 44.3%, Batch 200/454, Loss: 0.2124, Point Loss: 0.0750, Dist Loss: 0.1335, Uncert Loss: 0.6449, ETA: 209s
2024-12-04 22:01:27,071 - INFO - Epoch 10, Progress: 55.3%, Batch 250/454, Loss: 0.1996, Point Loss: 0.0790, Dist Loss: 0.1203, Uncert Loss: 0.5996, ETA: 161s
2024-12-04 22:02:01,782 - INFO - Epoch 10, Progress: 66.3%, Batch 300/454, Loss: 0.1517, Point Loss: 0.0672, Dist Loss: 0.0014, Uncert Loss: 0.6212, ETA: 119s
2024-12-04 22:02:38,970 - INFO - Epoch 10, Progress: 77.3%, Batch 350/454, Loss: 0.1808, Point Loss: 0.0651, Dist Loss: 0.0678, Uncert Loss: 0.6382, ETA: 80s
2024-12-04 22:03:14,363 - INFO - Epoch 10, Progress: 88.3%, Batch 400/454, Loss: 0.2221, Point Loss: 0.0768, Dist Loss: 0.1623, Uncert Loss: 0.6324, ETA: 41s
2024-12-04 22:03:50,224 - INFO - Epoch 10, Progress: 99.3%, Batch 450/454, Loss: 0.1100, Point Loss: 0.0475, Dist Loss: -0.0815, Uncert Loss: 0.6180, ETA: 2s
2024-12-04 22:03:59,782 - INFO - Epoch 10 completed in 352s, Train Loss: 0.1885, Val Loss: 0.2646
2024-12-04 22:04:02,778 - INFO - Epoch 11, Progress: 0.2%, Batch 0/454, Loss: 0.0965, Point Loss: 0.0476, Dist Loss: -0.1030, Uncert Loss: 0.5935, ETA: 1357s
2024-12-04 22:04:41,906 - INFO - Epoch 11, Progress: 11.2%, Batch 50/454, Loss: 0.2470, Point Loss: 0.0832, Dist Loss: 0.1853, Uncert Loss: 0.6981, ETA: 333s
2024-12-04 22:05:18,413 - INFO - Epoch 11, Progress: 22.2%, Batch 100/454, Loss: 0.2056, Point Loss: 0.0825, Dist Loss: 0.1340, Uncert Loss: 0.5952, ETA: 275s
2024-12-04 22:05:55,603 - INFO - Epoch 11, Progress: 33.3%, Batch 150/454, Loss: 0.1943, Point Loss: 0.0798, Dist Loss: 0.1014, Uncert Loss: 0.6093, ETA: 232s
2024-12-04 22:06:34,213 - INFO - Epoch 11, Progress: 44.3%, Batch 200/454, Loss: 0.2116, Point Loss: 0.0762, Dist Loss: 0.1028, Uncert Loss: 0.6998, ETA: 194s
2024-12-04 22:07:08,922 - INFO - Epoch 11, Progress: 55.3%, Batch 250/454, Loss: 0.2230, Point Loss: 0.0921, Dist Loss: 0.1678, Uncert Loss: 0.5955, ETA: 153s
2024-12-04 22:07:43,500 - INFO - Epoch 11, Progress: 66.3%, Batch 300/454, Loss: 0.1249, Point Loss: 0.0467, Dist Loss: -0.0419, Uncert Loss: 0.6149, ETA: 114s
2024-12-04 22:08:18,301 - INFO - Epoch 11, Progress: 77.3%, Batch 350/454, Loss: 0.2319, Point Loss: 0.0762, Dist Loss: 0.1861, Uncert Loss: 0.6347, ETA: 76s
2024-12-04 22:08:52,655 - INFO - Epoch 11, Progress: 88.3%, Batch 400/454, Loss: 0.1028, Point Loss: 0.0515, Dist Loss: -0.0712, Uncert Loss: 0.5534, ETA: 39s
2024-12-04 22:09:27,143 - INFO - Epoch 11, Progress: 99.3%, Batch 450/454, Loss: 0.1257, Point Loss: 0.0437, Dist Loss: -0.0563, Uncert Loss: 0.6536, ETA: 2s
2024-12-04 22:09:36,885 - INFO - Epoch 11 completed in 337s, Train Loss: 0.1796, Val Loss: 0.2230
2024-12-04 22:09:39,930 - INFO - Epoch 12, Progress: 0.2%, Batch 0/454, Loss: 0.1935, Point Loss: 0.0658, Dist Loss: 0.0891, Uncert Loss: 0.6575, ETA: 1379s
2024-12-04 22:10:15,166 - INFO - Epoch 12, Progress: 11.2%, Batch 50/454, Loss: 0.2347, Point Loss: 0.0914, Dist Loss: 0.2003, Uncert Loss: 0.5903, ETA: 302s
2024-12-04 22:10:49,391 - INFO - Epoch 12, Progress: 22.2%, Batch 100/454, Loss: 0.1459, Point Loss: 0.0599, Dist Loss: 0.0079, Uncert Loss: 0.5939, ETA: 253s
2024-12-04 22:11:25,550 - INFO - Epoch 12, Progress: 33.3%, Batch 150/454, Loss: 0.1958, Point Loss: 0.0610, Dist Loss: 0.0709, Uncert Loss: 0.7154, ETA: 218s
2024-12-04 22:12:03,577 - INFO - Epoch 12, Progress: 44.3%, Batch 200/454, Loss: 0.1700, Point Loss: 0.0576, Dist Loss: 0.0527, Uncert Loss: 0.6295, ETA: 185s
2024-12-04 22:12:45,641 - INFO - Epoch 12, Progress: 55.3%, Batch 250/454, Loss: 0.1827, Point Loss: 0.0712, Dist Loss: 0.0657, Uncert Loss: 0.6395, ETA: 153s
2024-12-04 22:13:19,326 - INFO - Epoch 12, Progress: 66.3%, Batch 300/454, Loss: 0.2017, Point Loss: 0.0648, Dist Loss: 0.1127, Uncert Loss: 0.6534, ETA: 113s
2024-12-04 22:13:54,167 - INFO - Epoch 12, Progress: 77.3%, Batch 350/454, Loss: 0.1943, Point Loss: 0.0687, Dist Loss: 0.0875, Uncert Loss: 0.6590, ETA: 75s
2024-12-04 22:14:28,296 - INFO - Epoch 12, Progress: 88.3%, Batch 400/454, Loss: 0.1917, Point Loss: 0.0803, Dist Loss: 0.1015, Uncert Loss: 0.5947, ETA: 39s
2024-12-04 22:15:03,226 - INFO - Epoch 12, Progress: 99.3%, Batch 450/454, Loss: 0.1788, Point Loss: 0.0590, Dist Loss: 0.0569, Uncert Loss: 0.6622, ETA: 2s
2024-12-04 22:15:12,851 - INFO - Epoch 12 completed in 336s, Train Loss: 0.1720, Val Loss: 0.2871
2024-12-04 22:15:15,906 - INFO - Epoch 13, Progress: 0.2%, Batch 0/454, Loss: 0.1181, Point Loss: 0.0687, Dist Loss: -0.0245, Uncert Loss: 0.5022, ETA: 1383s
2024-12-04 22:15:51,018 - INFO - Epoch 13, Progress: 11.2%, Batch 50/454, Loss: 0.1825, Point Loss: 0.0657, Dist Loss: 0.0694, Uncert Loss: 0.6419, ETA: 302s
2024-12-04 22:16:28,962 - INFO - Epoch 13, Progress: 22.2%, Batch 100/454, Loss: 0.1082, Point Loss: 0.0466, Dist Loss: -0.0850, Uncert Loss: 0.6180, ETA: 266s
2024-12-04 22:17:04,243 - INFO - Epoch 13, Progress: 33.3%, Batch 150/454, Loss: 0.1493, Point Loss: 0.0664, Dist Loss: 0.0242, Uncert Loss: 0.5653, ETA: 224s
2024-12-04 22:17:39,032 - INFO - Epoch 13, Progress: 44.3%, Batch 200/454, Loss: 0.1432, Point Loss: 0.0661, Dist Loss: 0.0134, Uncert Loss: 0.5569, ETA: 184s
2024-12-04 22:18:13,374 - INFO - Epoch 13, Progress: 55.3%, Batch 250/454, Loss: 0.1952, Point Loss: 0.0676, Dist Loss: 0.0807, Uncert Loss: 0.6796, ETA: 146s
2024-12-04 22:18:47,571 - INFO - Epoch 13, Progress: 66.3%, Batch 300/454, Loss: 0.1425, Point Loss: 0.0629, Dist Loss: -0.0093, Uncert Loss: 0.6055, ETA: 109s
2024-12-04 22:19:21,878 - INFO - Epoch 13, Progress: 77.3%, Batch 350/454, Loss: 0.1710, Point Loss: 0.0671, Dist Loss: 0.0532, Uncert Loss: 0.6145, ETA: 73s
2024-12-04 22:19:56,158 - INFO - Epoch 13, Progress: 88.3%, Batch 400/454, Loss: 0.1717, Point Loss: 0.0769, Dist Loss: 0.0729, Uncert Loss: 0.5591, ETA: 37s
2024-12-04 22:20:34,864 - INFO - Epoch 13, Progress: 99.3%, Batch 450/454, Loss: 0.1039, Point Loss: 0.0455, Dist Loss: -0.1096, Uncert Loss: 0.6475, ETA: 2s
2024-12-04 22:20:44,225 - INFO - Epoch 13 completed in 331s, Train Loss: 0.1593, Val Loss: 0.3296
2024-12-04 22:20:47,071 - INFO - Epoch 14, Progress: 0.2%, Batch 0/454, Loss: 0.1264, Point Loss: 0.0604, Dist Loss: -0.0240, Uncert Loss: 0.5592, ETA: 1289s
2024-12-04 22:21:18,038 - INFO - Epoch 14, Progress: 11.2%, Batch 50/454, Loss: 0.1734, Point Loss: 0.0656, Dist Loss: 0.0621, Uncert Loss: 0.6119, ETA: 267s
2024-12-04 22:23:37,116 - INFO - Epoch 14, Progress: 22.2%, Batch 100/454, Loss: 0.1608, Point Loss: 0.0553, Dist Loss: 0.0429, Uncert Loss: 0.6073, ETA: 604s
2024-12-04 22:25:48,141 - INFO - Epoch 14, Progress: 33.3%, Batch 150/454, Loss: 0.1107, Point Loss: 0.0555, Dist Loss: -0.0597, Uncert Loss: 0.5619, ETA: 610s
2024-12-04 22:27:22,621 - INFO - Epoch 14, Progress: 44.3%, Batch 200/454, Loss: 0.1604, Point Loss: 0.0763, Dist Loss: 0.0535, Uncert Loss: 0.5426, ETA: 501s
2024-12-04 22:28:21,924 - INFO - Epoch 14, Progress: 55.3%, Batch 250/454, Loss: 0.2023, Point Loss: 0.0706, Dist Loss: 0.1191, Uncert Loss: 0.6320, ETA: 370s
2024-12-04 22:29:08,752 - INFO - Epoch 14, Progress: 66.3%, Batch 300/454, Loss: 0.1656, Point Loss: 0.0639, Dist Loss: 0.0336, Uncert Loss: 0.6328, ETA: 256s
2024-12-04 22:29:54,858 - INFO - Epoch 14, Progress: 77.3%, Batch 350/454, Loss: 0.1471, Point Loss: 0.0512, Dist Loss: -0.0162, Uncert Loss: 0.6654, ETA: 162s
2024-12-04 22:31:39,204 - INFO - Epoch 14, Progress: 88.3%, Batch 400/454, Loss: 0.1037, Point Loss: 0.0456, Dist Loss: -0.0981, Uncert Loss: 0.6236, ETA: 87s
2024-12-04 22:32:17,848 - INFO - Epoch 14, Progress: 99.3%, Batch 450/454, Loss: 0.1802, Point Loss: 0.0673, Dist Loss: 0.0524, Uncert Loss: 0.6616, ETA: 5s
2024-12-04 22:32:28,283 - INFO - Epoch 14 completed in 704s, Train Loss: 0.1528, Val Loss: 0.2600
2024-12-04 22:32:31,034 - INFO - Epoch 15, Progress: 0.2%, Batch 0/454, Loss: 0.1052, Point Loss: 0.0495, Dist Loss: -0.1016, Uncert Loss: 0.6300, ETA: 1111s
2024-12-04 22:33:08,562 - INFO - Epoch 15, Progress: 11.2%, Batch 50/454, Loss: 0.1276, Point Loss: 0.0554, Dist Loss: -0.0350, Uncert Loss: 0.5971, ETA: 316s
2024-12-04 22:34:48,867 - INFO - Epoch 15, Progress: 22.2%, Batch 100/454, Loss: 0.1529, Point Loss: 0.0663, Dist Loss: 0.0201, Uncert Loss: 0.5918, ETA: 490s
2024-12-04 22:35:50,834 - INFO - Epoch 15, Progress: 33.3%, Batch 150/454, Loss: 0.0983, Point Loss: 0.0523, Dist Loss: -0.0899, Uncert Loss: 0.5664, ETA: 406s
2024-12-04 22:37:10,673 - INFO - Epoch 15, Progress: 44.3%, Batch 200/454, Loss: 0.1082, Point Loss: 0.0607, Dist Loss: -0.0741, Uncert Loss: 0.5677, ETA: 355s
2024-12-04 22:37:50,156 - INFO - Epoch 15, Progress: 55.3%, Batch 250/454, Loss: 0.0986, Point Loss: 0.0532, Dist Loss: -0.1245, Uncert Loss: 0.6356, ETA: 260s
2024-12-04 22:38:45,971 - INFO - Epoch 15, Progress: 66.3%, Batch 300/454, Loss: 0.1726, Point Loss: 0.0641, Dist Loss: 0.0556, Uncert Loss: 0.6236, ETA: 192s
2024-12-04 22:40:32,913 - INFO - Epoch 15, Progress: 77.3%, Batch 350/454, Loss: 0.1466, Point Loss: 0.0576, Dist Loss: -0.0380, Uncert Loss: 0.6939, ETA: 142s
2024-12-04 22:41:38,784 - INFO - Epoch 15, Progress: 88.3%, Batch 400/454, Loss: 0.1367, Point Loss: 0.0628, Dist Loss: -0.0239, Uncert Loss: 0.6055, ETA: 73s
2024-12-04 22:44:18,523 - INFO - Epoch 15, Progress: 99.3%, Batch 450/454, Loss: 0.1440, Point Loss: 0.0575, Dist Loss: -0.0169, Uncert Loss: 0.6386, ETA: 5s
2024-12-04 22:44:26,263 - INFO - Epoch 15 completed in 718s, Train Loss: 0.1463, Val Loss: 0.2794
2024-12-04 22:44:28,621 - INFO - Epoch 16, Progress: 0.2%, Batch 0/454, Loss: 0.1547, Point Loss: 0.0665, Dist Loss: 0.0251, Uncert Loss: 0.5903, ETA: 1068s
2024-12-04 22:45:14,954 - INFO - Epoch 16, Progress: 11.2%, Batch 50/454, Loss: 0.1572, Point Loss: 0.0627, Dist Loss: 0.0026, Uncert Loss: 0.6555, ETA: 385s
2024-12-04 22:46:11,188 - INFO - Epoch 16, Progress: 22.2%, Batch 100/454, Loss: 0.1814, Point Loss: 0.0562, Dist Loss: 0.0406, Uncert Loss: 0.7136, ETA: 367s
2024-12-04 22:46:59,078 - INFO - Epoch 16, Progress: 33.3%, Batch 150/454, Loss: 0.1217, Point Loss: 0.0591, Dist Loss: -0.0388, Uncert Loss: 0.5683, ETA: 307s
2024-12-04 22:48:15,499 - INFO - Epoch 16, Progress: 44.3%, Batch 200/454, Loss: 0.0752, Point Loss: 0.0387, Dist Loss: -0.1623, Uncert Loss: 0.6234, ETA: 289s
2024-12-04 22:53:14,093 - INFO - Epoch 16, Progress: 55.3%, Batch 250/454, Loss: 0.1167, Point Loss: 0.0559, Dist Loss: -0.0632, Uncert Loss: 0.5980, ETA: 427s
2024-12-04 22:58:06,259 - INFO - Epoch 16, Progress: 66.3%, Batch 300/454, Loss: 0.1607, Point Loss: 0.0540, Dist Loss: 0.0108, Uncert Loss: 0.6741, ETA: 417s
2024-12-04 23:00:38,785 - INFO - Epoch 16, Progress: 77.3%, Batch 350/454, Loss: 0.1153, Point Loss: 0.0539, Dist Loss: -0.0806, Uncert Loss: 0.6297, ETA: 285s
2024-12-04 23:04:53,632 - INFO - Epoch 16, Progress: 88.3%, Batch 400/454, Loss: 0.1858, Point Loss: 0.0696, Dist Loss: 0.1052, Uncert Loss: 0.5796, ETA: 162s
2024-12-04 23:11:51,694 - INFO - Epoch 16, Progress: 99.3%, Batch 450/454, Loss: 0.1077, Point Loss: 0.0484, Dist Loss: -0.0901, Uncert Loss: 0.6218, ETA: 11s
2024-12-04 23:12:00,030 - INFO - Epoch 16 completed in 1654s, Train Loss: 0.1359, Val Loss: 0.3117
2024-12-04 23:12:02,651 - INFO - Epoch 17, Progress: 0.2%, Batch 0/454, Loss: 0.1032, Point Loss: 0.0562, Dist Loss: -0.0803, Uncert Loss: 0.5640, ETA: 1187s
2024-12-04 23:14:32,632 - INFO - Epoch 17, Progress: 11.2%, Batch 50/454, Loss: 0.0864, Point Loss: 0.0408, Dist Loss: -0.1613, Uncert Loss: 0.6729, ETA: 1206s
2024-12-04 23:15:54,080 - INFO - Epoch 17, Progress: 22.2%, Batch 100/454, Loss: 0.1271, Point Loss: 0.0549, Dist Loss: -0.0297, Uncert Loss: 0.5854, ETA: 818s
2024-12-04 23:16:26,621 - INFO - Epoch 17, Progress: 33.3%, Batch 150/454, Loss: 0.2166, Point Loss: 0.0792, Dist Loss: 0.1560, Uncert Loss: 0.6124, ETA: 535s
2024-12-04 23:17:01,780 - INFO - Epoch 17, Progress: 44.3%, Batch 200/454, Loss: 0.1463, Point Loss: 0.0616, Dist Loss: -0.0000, Uncert Loss: 0.6082, ETA: 380s
2024-12-04 23:17:35,775 - INFO - Epoch 17, Progress: 55.3%, Batch 250/454, Loss: 0.0572, Point Loss: 0.0416, Dist Loss: -0.1975, Uncert Loss: 0.5976, ETA: 272s
2024-12-04 23:18:06,198 - INFO - Epoch 17, Progress: 66.3%, Batch 300/454, Loss: 0.1768, Point Loss: 0.0845, Dist Loss: 0.0888, Uncert Loss: 0.5375, ETA: 186s
2024-12-04 23:18:37,158 - INFO - Epoch 17, Progress: 77.3%, Batch 350/454, Loss: 0.1571, Point Loss: 0.0654, Dist Loss: 0.0375, Uncert Loss: 0.5796, ETA: 117s
2024-12-04 23:19:10,790 - INFO - Epoch 17, Progress: 88.3%, Batch 400/454, Loss: 0.0772, Point Loss: 0.0421, Dist Loss: -0.1629, Uncert Loss: 0.6274, ETA: 57s
2024-12-04 23:19:43,639 - INFO - Epoch 17, Progress: 99.3%, Batch 450/454, Loss: 0.1294, Point Loss: 0.0521, Dist Loss: -0.0363, Uncert Loss: 0.6155, ETA: 3s
2024-12-04 23:19:53,737 - INFO - Epoch 17 completed in 474s, Train Loss: 0.1282, Val Loss: 0.3437
2024-12-04 23:19:56,545 - INFO - Epoch 18, Progress: 0.2%, Batch 0/454, Loss: 0.1269, Point Loss: 0.0642, Dist Loss: -0.0211, Uncert Loss: 0.5484, ETA: 1272s
2024-12-04 23:20:31,745 - INFO - Epoch 18, Progress: 11.2%, Batch 50/454, Loss: 0.0590, Point Loss: 0.0436, Dist Loss: -0.1994, Uncert Loss: 0.6069, ETA: 300s
2024-12-04 23:21:11,236 - INFO - Epoch 18, Progress: 22.2%, Batch 100/454, Loss: 0.1090, Point Loss: 0.0603, Dist Loss: -0.0900, Uncert Loss: 0.6042, ETA: 271s
2024-12-04 23:21:49,497 - INFO - Epoch 18, Progress: 33.3%, Batch 150/454, Loss: 0.1284, Point Loss: 0.0710, Dist Loss: -0.0166, Uncert Loss: 0.5330, ETA: 232s
2024-12-04 23:22:29,805 - INFO - Epoch 18, Progress: 44.3%, Batch 200/454, Loss: 0.1084, Point Loss: 0.0581, Dist Loss: -0.0671, Uncert Loss: 0.5600, ETA: 196s
2024-12-04 23:23:06,297 - INFO - Epoch 18, Progress: 55.3%, Batch 250/454, Loss: 0.0906, Point Loss: 0.0549, Dist Loss: -0.1069, Uncert Loss: 0.5568, ETA: 156s
2024-12-04 23:23:45,095 - INFO - Epoch 18, Progress: 66.3%, Batch 300/454, Loss: 0.1564, Point Loss: 0.0735, Dist Loss: 0.0400, Uncert Loss: 0.5551, ETA: 118s
2024-12-04 23:24:24,134 - INFO - Epoch 18, Progress: 77.3%, Batch 350/454, Loss: 0.0801, Point Loss: 0.0488, Dist Loss: -0.1358, Uncert Loss: 0.5745, ETA: 79s
2024-12-04 23:25:08,262 - INFO - Epoch 18, Progress: 88.3%, Batch 400/454, Loss: 0.1274, Point Loss: 0.0509, Dist Loss: -0.0337, Uncert Loss: 0.6029, ETA: 42s
2024-12-04 23:25:49,156 - INFO - Epoch 18, Progress: 99.3%, Batch 450/454, Loss: 0.1389, Point Loss: 0.0575, Dist Loss: -0.0229, Uncert Loss: 0.6251, ETA: 2s
2024-12-04 23:25:59,615 - INFO - Epoch 18 completed in 366s, Train Loss: 0.1183, Val Loss: 0.2555
2024-12-04 23:26:02,975 - INFO - Epoch 19, Progress: 0.2%, Batch 0/454, Loss: 0.0734, Point Loss: 0.0428, Dist Loss: -0.1352, Uncert Loss: 0.5517, ETA: 1521s
2024-12-04 23:26:41,720 - INFO - Epoch 19, Progress: 11.2%, Batch 50/454, Loss: 0.1265, Point Loss: 0.0558, Dist Loss: -0.0528, Uncert Loss: 0.6264, ETA: 333s
2024-12-04 23:27:24,887 - INFO - Epoch 19, Progress: 22.2%, Batch 100/454, Loss: 0.1195, Point Loss: 0.0551, Dist Loss: -0.0897, Uncert Loss: 0.6668, ETA: 298s
2024-12-04 23:28:06,512 - INFO - Epoch 19, Progress: 33.3%, Batch 150/454, Loss: 0.1382, Point Loss: 0.0644, Dist Loss: 0.0118, Uncert Loss: 0.5385, ETA: 255s
2024-12-04 23:28:48,220 - INFO - Epoch 19, Progress: 44.3%, Batch 200/454, Loss: 0.0877, Point Loss: 0.0399, Dist Loss: -0.1370, Uncert Loss: 0.6324, ETA: 212s
2024-12-04 23:31:01,442 - INFO - Epoch 19, Progress: 55.3%, Batch 250/454, Loss: 0.0716, Point Loss: 0.0424, Dist Loss: -0.1847, Uncert Loss: 0.6426, ETA: 244s
2024-12-04 23:33:22,688 - INFO - Epoch 19, Progress: 66.3%, Batch 300/454, Loss: 0.1133, Point Loss: 0.0516, Dist Loss: -0.0756, Uncert Loss: 0.6147, ETA: 225s
2024-12-04 23:52:05,940 - INFO - Epoch 19, Progress: 77.3%, Batch 350/454, Loss: 0.1607, Point Loss: 0.0602, Dist Loss: 0.0352, Uncert Loss: 0.6125, ETA: 460s
2024-12-04 23:54:16,162 - INFO - Epoch 19, Progress: 88.3%, Batch 400/454, Loss: 0.1234, Point Loss: 0.0629, Dist Loss: -0.0450, Uncert Loss: 0.5810, ETA: 224s
2024-12-04 23:56:16,225 - INFO - Epoch 19, Progress: 99.3%, Batch 450/454, Loss: 0.1091, Point Loss: 0.0446, Dist Loss: -0.1115, Uncert Loss: 0.6793, ETA: 12s
2024-12-04 23:56:27,508 - INFO - Epoch 19 completed in 1828s, Train Loss: 0.1126, Val Loss: 0.2818
2024-12-04 23:56:30,292 - INFO - Epoch 20, Progress: 0.2%, Batch 0/454, Loss: 0.1071, Point Loss: 0.0479, Dist Loss: -0.1167, Uncert Loss: 0.6728, ETA: 1116s
2024-12-04 23:57:04,226 - INFO - Epoch 20, Progress: 11.2%, Batch 50/454, Loss: 0.1357, Point Loss: 0.0555, Dist Loss: -0.0153, Uncert Loss: 0.5978, ETA: 288s
2024-12-04 23:57:37,231 - INFO - Epoch 20, Progress: 22.2%, Batch 100/454, Loss: 0.1088, Point Loss: 0.0570, Dist Loss: -0.0686, Uncert Loss: 0.5672, ETA: 243s
2024-12-04 23:58:12,384 - INFO - Epoch 20, Progress: 33.3%, Batch 150/454, Loss: 0.0875, Point Loss: 0.0489, Dist Loss: -0.1239, Uncert Loss: 0.5878, ETA: 210s
2024-12-04 23:58:42,740 - INFO - Epoch 20, Progress: 44.3%, Batch 200/454, Loss: 0.1264, Point Loss: 0.0567, Dist Loss: -0.0587, Uncert Loss: 0.6359, ETA: 170s
2024-12-04 23:59:13,093 - INFO - Epoch 20, Progress: 55.3%, Batch 250/454, Loss: 0.1134, Point Loss: 0.0602, Dist Loss: -0.0353, Uncert Loss: 0.5170, ETA: 134s
2024-12-04 23:59:42,312 - INFO - Epoch 20, Progress: 66.3%, Batch 300/454, Loss: 0.1108, Point Loss: 0.0601, Dist Loss: -0.0543, Uncert Loss: 0.5426, ETA: 99s
2024-12-05 00:00:13,207 - INFO - Epoch 20, Progress: 77.3%, Batch 350/454, Loss: 0.0495, Point Loss: 0.0368, Dist Loss: -0.2329, Uncert Loss: 0.6397, ETA: 66s
2024-12-05 00:00:42,480 - INFO - Epoch 20, Progress: 88.3%, Batch 400/454, Loss: 0.1380, Point Loss: 0.0544, Dist Loss: -0.0401, Uncert Loss: 0.6617, ETA: 34s
2024-12-05 00:01:11,346 - INFO - Epoch 20, Progress: 99.3%, Batch 450/454, Loss: 0.0865, Point Loss: 0.0550, Dist Loss: -0.1124, Uncert Loss: 0.5471, ETA: 2s
2024-12-05 00:01:19,602 - INFO - Epoch 20 completed in 292s, Train Loss: 0.1045, Val Loss: 0.2652
2024-12-05 00:01:22,219 - INFO - Epoch 21, Progress: 0.2%, Batch 0/454, Loss: 0.0938, Point Loss: 0.0514, Dist Loss: -0.0964, Uncert Loss: 0.5592, ETA: 1185s
2024-12-05 00:01:52,290 - INFO - Epoch 21, Progress: 11.2%, Batch 50/454, Loss: 0.1059, Point Loss: 0.0555, Dist Loss: -0.0778, Uncert Loss: 0.5741, ETA: 258s
2024-12-05 00:02:21,319 - INFO - Epoch 21, Progress: 22.2%, Batch 100/454, Loss: 0.0755, Point Loss: 0.0594, Dist Loss: -0.1432, Uncert Loss: 0.5451, ETA: 216s
2024-12-05 00:02:50,554 - INFO - Epoch 21, Progress: 33.3%, Batch 150/454, Loss: 0.1578, Point Loss: 0.0622, Dist Loss: 0.0430, Uncert Loss: 0.5786, ETA: 183s
2024-12-05 00:03:20,081 - INFO - Epoch 21, Progress: 44.3%, Batch 200/454, Loss: 0.1216, Point Loss: 0.0625, Dist Loss: -0.0402, Uncert Loss: 0.5633, ETA: 152s
2024-12-05 00:03:50,035 - INFO - Epoch 21, Progress: 55.3%, Batch 250/454, Loss: 0.1026, Point Loss: 0.0588, Dist Loss: -0.0861, Uncert Loss: 0.5679, ETA: 122s
2024-12-05 00:04:20,347 - INFO - Epoch 21, Progress: 66.3%, Batch 300/454, Loss: 0.0818, Point Loss: 0.0491, Dist Loss: -0.1475, Uncert Loss: 0.6060, ETA: 92s
2024-12-05 00:04:50,291 - INFO - Epoch 21, Progress: 77.3%, Batch 350/454, Loss: 0.0126, Point Loss: 0.0342, Dist Loss: -0.2825, Uncert Loss: 0.5597, ETA: 62s
2024-12-05 00:05:20,647 - INFO - Epoch 21, Progress: 88.3%, Batch 400/454, Loss: 0.0515, Point Loss: 0.0391, Dist Loss: -0.2031, Uncert Loss: 0.5856, ETA: 32s
2024-12-05 00:05:53,290 - INFO - Epoch 21, Progress: 99.3%, Batch 450/454, Loss: 0.0859, Point Loss: 0.0497, Dist Loss: -0.1419, Uncert Loss: 0.6139, ETA: 2s
2024-12-05 00:06:01,891 - INFO - Epoch 21 completed in 282s, Train Loss: 0.0958, Val Loss: 0.2978
2024-12-05 00:06:04,660 - INFO - Epoch 22, Progress: 0.2%, Batch 0/454, Loss: 0.1111, Point Loss: 0.0627, Dist Loss: -0.0338, Uncert Loss: 0.4980, ETA: 1254s
2024-12-05 00:06:36,201 - INFO - Epoch 22, Progress: 11.2%, Batch 50/454, Loss: 0.1472, Point Loss: 0.0660, Dist Loss: 0.0294, Uncert Loss: 0.5455, ETA: 271s
2024-12-05 00:07:06,594 - INFO - Epoch 22, Progress: 22.2%, Batch 100/454, Loss: 0.1547, Point Loss: 0.0644, Dist Loss: 0.0454, Uncert Loss: 0.5536, ETA: 226s
2024-12-05 00:07:36,749 - INFO - Epoch 22, Progress: 33.3%, Batch 150/454, Loss: 0.0868, Point Loss: 0.0619, Dist Loss: -0.0991, Uncert Loss: 0.5083, ETA: 190s
2024-12-05 00:08:08,203 - INFO - Epoch 22, Progress: 44.3%, Batch 200/454, Loss: 0.0849, Point Loss: 0.0473, Dist Loss: -0.1443, Uncert Loss: 0.6185, ETA: 159s
2024-12-05 00:08:38,536 - INFO - Epoch 22, Progress: 55.3%, Batch 250/454, Loss: 0.1220, Point Loss: 0.0513, Dist Loss: -0.1015, Uncert Loss: 0.7102, ETA: 127s
2024-12-05 00:09:08,707 - INFO - Epoch 22, Progress: 66.3%, Batch 300/454, Loss: 0.1435, Point Loss: 0.0578, Dist Loss: 0.0089, Uncert Loss: 0.5839, ETA: 95s
2024-12-05 00:09:39,835 - INFO - Epoch 22, Progress: 77.3%, Batch 350/454, Loss: 0.0966, Point Loss: 0.0415, Dist Loss: -0.1364, Uncert Loss: 0.6730, ETA: 64s
2024-12-05 00:10:10,997 - INFO - Epoch 22, Progress: 88.3%, Batch 400/454, Loss: 0.0683, Point Loss: 0.0460, Dist Loss: -0.1694, Uncert Loss: 0.5882, ETA: 33s
2024-12-05 00:10:44,085 - INFO - Epoch 22, Progress: 99.3%, Batch 450/454, Loss: 0.0368, Point Loss: 0.0398, Dist Loss: -0.2379, Uncert Loss: 0.5802, ETA: 2s
2024-12-05 00:10:55,496 - INFO - Epoch 22 completed in 294s, Train Loss: 0.0867, Val Loss: 0.2756
2024-12-05 00:10:58,400 - INFO - Epoch 23, Progress: 0.2%, Batch 0/454, Loss: 0.0569, Point Loss: 0.0444, Dist Loss: -0.2027, Uncert Loss: 0.6009, ETA: 1315s
2024-12-05 00:11:30,910 - INFO - Epoch 23, Progress: 11.2%, Batch 50/454, Loss: 0.0442, Point Loss: 0.0473, Dist Loss: -0.2246, Uncert Loss: 0.5758, ETA: 280s
2024-12-05 00:12:03,111 - INFO - Epoch 23, Progress: 22.2%, Batch 100/454, Loss: 0.0896, Point Loss: 0.0436, Dist Loss: -0.1517, Uncert Loss: 0.6642, ETA: 236s
2024-12-05 00:12:35,817 - INFO - Epoch 23, Progress: 33.3%, Batch 150/454, Loss: 0.0772, Point Loss: 0.0464, Dist Loss: -0.1489, Uncert Loss: 0.5912, ETA: 201s
2024-12-05 00:13:14,010 - INFO - Epoch 23, Progress: 44.3%, Batch 200/454, Loss: 0.1113, Point Loss: 0.0588, Dist Loss: -0.0862, Uncert Loss: 0.6117, ETA: 174s
2024-12-05 00:13:46,234 - INFO - Epoch 23, Progress: 55.3%, Batch 250/454, Loss: 0.1114, Point Loss: 0.0602, Dist Loss: -0.0730, Uncert Loss: 0.5823, ETA: 138s
2024-12-05 00:14:20,836 - INFO - Epoch 23, Progress: 66.3%, Batch 300/454, Loss: 0.0059, Point Loss: 0.0436, Dist Loss: -0.3215, Uncert Loss: 0.5854, ETA: 104s
2024-12-05 00:14:55,057 - INFO - Epoch 23, Progress: 77.3%, Batch 350/454, Loss: 0.0721, Point Loss: 0.0538, Dist Loss: -0.1724, Uncert Loss: 0.5976, ETA: 70s
2024-12-05 00:15:31,515 - INFO - Epoch 23, Progress: 88.3%, Batch 400/454, Loss: 0.0117, Point Loss: 0.0430, Dist Loss: -0.2686, Uncert Loss: 0.5095, ETA: 36s
2024-12-05 00:16:03,962 - INFO - Epoch 23, Progress: 99.3%, Batch 450/454, Loss: 0.0926, Point Loss: 0.0413, Dist Loss: -0.1292, Uncert Loss: 0.6390, ETA: 2s
2024-12-05 00:16:13,217 - INFO - Epoch 23 completed in 318s, Train Loss: 0.0809, Val Loss: 0.3330
2024-12-05 00:16:16,113 - INFO - Epoch 24, Progress: 0.2%, Batch 0/454, Loss: 0.0710, Point Loss: 0.0525, Dist Loss: -0.1336, Uncert Loss: 0.5172, ETA: 1312s
2024-12-05 00:16:49,371 - INFO - Epoch 24, Progress: 11.2%, Batch 50/454, Loss: 0.1242, Point Loss: 0.0599, Dist Loss: -0.0356, Uncert Loss: 0.5726, ETA: 286s
2024-12-05 00:17:22,432 - INFO - Epoch 24, Progress: 22.2%, Batch 100/454, Loss: 0.1122, Point Loss: 0.0570, Dist Loss: -0.0626, Uncert Loss: 0.5722, ETA: 242s
2024-12-05 00:17:54,237 - INFO - Epoch 24, Progress: 33.3%, Batch 150/454, Loss: 0.0976, Point Loss: 0.0582, Dist Loss: -0.1091, Uncert Loss: 0.5897, ETA: 203s
2024-12-05 00:18:27,496 - INFO - Epoch 24, Progress: 44.3%, Batch 200/454, Loss: 0.0659, Point Loss: 0.0457, Dist Loss: -0.1989, Uncert Loss: 0.6359, ETA: 169s
2024-12-05 00:18:59,136 - INFO - Epoch 24, Progress: 55.3%, Batch 250/454, Loss: 0.0902, Point Loss: 0.0503, Dist Loss: -0.1273, Uncert Loss: 0.6048, ETA: 134s
2024-12-05 00:19:33,346 - INFO - Epoch 24, Progress: 66.3%, Batch 300/454, Loss: 0.0328, Point Loss: 0.0367, Dist Loss: -0.2481, Uncert Loss: 0.5867, ETA: 102s
2024-12-05 00:20:04,966 - INFO - Epoch 24, Progress: 77.3%, Batch 350/454, Loss: 0.0773, Point Loss: 0.0550, Dist Loss: -0.1467, Uncert Loss: 0.5698, ETA: 68s
2024-12-05 00:20:37,929 - INFO - Epoch 24, Progress: 88.3%, Batch 400/454, Loss: 0.0825, Point Loss: 0.0510, Dist Loss: -0.1444, Uncert Loss: 0.5991, ETA: 35s
2024-12-05 00:21:09,895 - INFO - Epoch 24, Progress: 99.3%, Batch 450/454, Loss: 0.0656, Point Loss: 0.0456, Dist Loss: -0.1705, Uncert Loss: 0.5778, ETA: 2s
2024-12-05 00:21:19,036 - INFO - Epoch 24 completed in 306s, Train Loss: 0.0721, Val Loss: 0.4196
2024-12-05 00:21:22,062 - INFO - Epoch 25, Progress: 0.2%, Batch 0/454, Loss: 0.0050, Point Loss: 0.0362, Dist Loss: -0.3013, Uncert Loss: 0.5554, ETA: 1322s
2024-12-05 00:21:56,579 - INFO - Epoch 25, Progress: 11.2%, Batch 50/454, Loss: 0.0693, Point Loss: 0.0456, Dist Loss: -0.1854, Uncert Loss: 0.6260, ETA: 296s
2024-12-05 00:22:29,066 - INFO - Epoch 25, Progress: 22.2%, Batch 100/454, Loss: 0.0441, Point Loss: 0.0369, Dist Loss: -0.2347, Uncert Loss: 0.6160, ETA: 244s
2024-12-05 00:23:01,404 - INFO - Epoch 25, Progress: 33.3%, Batch 150/454, Loss: 0.0628, Point Loss: 0.0424, Dist Loss: -0.2018, Uncert Loss: 0.6330, ETA: 205s
2024-12-05 00:23:33,400 - INFO - Epoch 25, Progress: 44.3%, Batch 200/454, Loss: 0.0342, Point Loss: 0.0433, Dist Loss: -0.2621, Uncert Loss: 0.6087, ETA: 169s
2024-12-05 00:24:05,028 - INFO - Epoch 25, Progress: 55.3%, Batch 250/454, Loss: 0.0396, Point Loss: 0.0408, Dist Loss: -0.2056, Uncert Loss: 0.5274, ETA: 134s
2024-12-05 00:24:36,555 - INFO - Epoch 25, Progress: 66.3%, Batch 300/454, Loss: 0.0828, Point Loss: 0.0540, Dist Loss: -0.1112, Uncert Loss: 0.5284, ETA: 100s
2024-12-05 00:25:08,021 - INFO - Epoch 25, Progress: 77.3%, Batch 350/454, Loss: 0.0309, Point Loss: 0.0345, Dist Loss: -0.2783, Uncert Loss: 0.6418, ETA: 67s
2024-12-05 00:25:46,058 - INFO - Epoch 25, Progress: 88.3%, Batch 400/454, Loss: 0.0101, Point Loss: 0.0515, Dist Loss: -0.2560, Uncert Loss: 0.4596, ETA: 35s
2024-12-05 00:26:14,701 - INFO - Epoch 25, Progress: 99.3%, Batch 450/454, Loss: 0.1448, Point Loss: 0.0627, Dist Loss: 0.0067, Uncert Loss: 0.5854, ETA: 2s
2024-12-05 00:26:23,887 - INFO - Epoch 25 completed in 305s, Train Loss: 0.0642, Val Loss: 0.3441
2024-12-05 00:26:28,638 - INFO - Epoch 26, Progress: 0.2%, Batch 0/454, Loss: 0.0204, Point Loss: 0.0390, Dist Loss: -0.2819, Uncert Loss: 0.5874, ETA: 2152s
2024-12-05 00:26:57,486 - INFO - Epoch 26, Progress: 11.2%, Batch 50/454, Loss: 0.0756, Point Loss: 0.0542, Dist Loss: -0.1539, Uncert Loss: 0.5776, ETA: 265s
2024-12-05 00:27:26,616 - INFO - Epoch 26, Progress: 22.2%, Batch 100/454, Loss: 0.0310, Point Loss: 0.0382, Dist Loss: -0.2539, Uncert Loss: 0.5864, ETA: 219s
2024-12-05 00:27:55,726 - INFO - Epoch 26, Progress: 33.3%, Batch 150/454, Loss: -0.0043, Point Loss: 0.0353, Dist Loss: -0.3488, Uncert Loss: 0.6056, ETA: 184s
2024-12-05 00:28:24,851 - INFO - Epoch 26, Progress: 44.3%, Batch 200/454, Loss: 0.0304, Point Loss: 0.0446, Dist Loss: -0.2439, Uncert Loss: 0.5506, ETA: 152s
2024-12-05 00:29:04,797 - INFO - Epoch 26, Progress: 55.3%, Batch 250/454, Loss: 0.1531, Point Loss: 0.0525, Dist Loss: -0.0083, Uncert Loss: 0.6771, ETA: 130s
2024-12-05 00:29:35,071 - INFO - Epoch 26, Progress: 66.3%, Batch 300/454, Loss: 0.0616, Point Loss: 0.0438, Dist Loss: -0.1966, Uncert Loss: 0.6139, ETA: 97s
2024-12-05 00:31:51,754 - INFO - Epoch 26, Progress: 77.3%, Batch 350/454, Loss: 0.0630, Point Loss: 0.0526, Dist Loss: -0.1810, Uncert Loss: 0.5718, ETA: 96s
2024-12-05 00:32:50,145 - INFO - Epoch 26, Progress: 88.3%, Batch 400/454, Loss: 0.0269, Point Loss: 0.0420, Dist Loss: -0.2442, Uncert Loss: 0.5388, ETA: 51s
2024-12-05 00:33:20,212 - INFO - Epoch 26, Progress: 99.3%, Batch 450/454, Loss: 0.0712, Point Loss: 0.0485, Dist Loss: -0.1788, Uncert Loss: 0.6166, ETA: 3s
2024-12-05 00:33:28,287 - INFO - Epoch 26 completed in 424s, Train Loss: 0.0585, Val Loss: 0.4965
2024-12-05 00:33:30,842 - INFO - Epoch 27, Progress: 0.2%, Batch 0/454, Loss: 0.0941, Point Loss: 0.0644, Dist Loss: -0.0892, Uncert Loss: 0.5200, ETA: 1157s
2024-12-05 00:36:32,340 - INFO - Epoch 27, Progress: 11.2%, Batch 50/454, Loss: 0.0698, Point Loss: 0.0478, Dist Loss: -0.1785, Uncert Loss: 0.6105, ETA: 1454s
2024-12-05 00:38:26,876 - INFO - Epoch 27, Progress: 22.2%, Batch 100/454, Loss: 0.0976, Point Loss: 0.0520, Dist Loss: -0.0870, Uncert Loss: 0.5579, ETA: 1044s
2024-12-05 00:39:01,239 - INFO - Epoch 27, Progress: 33.3%, Batch 150/454, Loss: 0.0861, Point Loss: 0.0460, Dist Loss: -0.0917, Uncert Loss: 0.5218, ETA: 668s
2024-12-05 00:50:56,563 - INFO - Epoch 27, Progress: 44.3%, Batch 200/454, Loss: 0.1039, Point Loss: 0.0521, Dist Loss: -0.0780, Uncert Loss: 0.5711, ETA: 1319s
2024-12-05 00:51:30,178 - INFO - Epoch 27, Progress: 55.3%, Batch 250/454, Loss: 0.0668, Point Loss: 0.0503, Dist Loss: -0.1734, Uncert Loss: 0.5803, ETA: 875s
2024-12-05 00:52:05,444 - INFO - Epoch 27, Progress: 66.3%, Batch 300/454, Loss: 0.0320, Point Loss: 0.0440, Dist Loss: -0.2402, Uncert Loss: 0.5520, ETA: 568s
2024-12-05 00:52:41,041 - INFO - Epoch 27, Progress: 77.3%, Batch 350/454, Loss: 0.0377, Point Loss: 0.0420, Dist Loss: -0.2336, Uncert Loss: 0.5718, ETA: 338s
2024-12-05 00:53:15,873 - INFO - Epoch 27, Progress: 88.3%, Batch 400/454, Loss: 0.0968, Point Loss: 0.0463, Dist Loss: -0.1177, Uncert Loss: 0.6269, ETA: 157s
2024-12-05 00:53:52,153 - INFO - Epoch 27, Progress: 99.3%, Batch 450/454, Loss: 0.0081, Point Loss: 0.0353, Dist Loss: -0.3050, Uncert Loss: 0.5799, ETA: 8s
2024-12-05 00:54:03,290 - INFO - Epoch 27 completed in 1235s, Train Loss: 0.0478, Val Loss: 0.5206
2024-12-05 00:54:06,672 - INFO - Epoch 28, Progress: 0.2%, Batch 0/454, Loss: 0.0498, Point Loss: 0.0525, Dist Loss: -0.1980, Uncert Loss: 0.5401, ETA: 1531s
2024-12-05 00:55:00,310 - INFO - Epoch 28, Progress: 11.2%, Batch 50/454, Loss: 0.0550, Point Loss: 0.0523, Dist Loss: -0.2071, Uncert Loss: 0.5845, ETA: 451s
2024-12-05 00:55:43,577 - INFO - Epoch 28, Progress: 22.2%, Batch 100/454, Loss: 0.0687, Point Loss: 0.0544, Dist Loss: -0.1426, Uncert Loss: 0.5199, ETA: 351s
2024-12-05 00:56:29,501 - INFO - Epoch 28, Progress: 33.3%, Batch 150/454, Loss: 0.0778, Point Loss: 0.0457, Dist Loss: -0.1593, Uncert Loss: 0.6159, ETA: 293s
2024-12-05 00:57:13,842 - INFO - Epoch 28, Progress: 44.3%, Batch 200/454, Loss: 0.0764, Point Loss: 0.0473, Dist Loss: -0.1609, Uncert Loss: 0.6096, ETA: 240s
2024-12-05 00:57:59,454 - INFO - Epoch 28, Progress: 55.3%, Batch 250/454, Loss: 0.1164, Point Loss: 0.0559, Dist Loss: -0.0869, Uncert Loss: 0.6441, ETA: 191s
2024-12-05 00:58:43,869 - INFO - Epoch 28, Progress: 66.3%, Batch 300/454, Loss: -0.0092, Point Loss: 0.0320, Dist Loss: -0.3703, Uncert Loss: 0.6305, ETA: 143s
2024-12-05 00:59:30,011 - INFO - Epoch 28, Progress: 77.3%, Batch 350/454, Loss: 0.0350, Point Loss: 0.0361, Dist Loss: -0.2574, Uncert Loss: 0.6175, ETA: 96s
2024-12-05 01:00:15,783 - INFO - Epoch 28, Progress: 88.3%, Batch 400/454, Loss: 0.1037, Point Loss: 0.0550, Dist Loss: -0.0842, Uncert Loss: 0.5768, ETA: 49s
2024-12-05 01:01:00,051 - INFO - Epoch 28, Progress: 99.3%, Batch 450/454, Loss: 0.0078, Point Loss: 0.0435, Dist Loss: -0.2800, Uncert Loss: 0.5116, ETA: 3s
2024-12-05 01:01:12,152 - INFO - Epoch 28 completed in 429s, Train Loss: 0.0422, Val Loss: 0.4443
2024-12-05 01:01:15,799 - INFO - Epoch 29, Progress: 0.2%, Batch 0/454, Loss: 0.0539, Point Loss: 0.0523, Dist Loss: -0.1895, Uncert Loss: 0.5440, ETA: 1652s
2024-12-05 01:01:58,452 - INFO - Epoch 29, Progress: 11.2%, Batch 50/454, Loss: 0.1115, Point Loss: 0.0633, Dist Loss: -0.0692, Uncert Loss: 0.5695, ETA: 366s
2024-12-05 01:02:40,217 - INFO - Epoch 29, Progress: 22.2%, Batch 100/454, Loss: -0.0071, Point Loss: 0.0370, Dist Loss: -0.3277, Uncert Loss: 0.5458, ETA: 308s
2024-12-05 01:03:22,300 - INFO - Epoch 29, Progress: 33.3%, Batch 150/454, Loss: -0.0074, Point Loss: 0.0339, Dist Loss: -0.3364, Uncert Loss: 0.5681, ETA: 261s
2024-12-05 01:04:04,399 - INFO - Epoch 29, Progress: 44.3%, Batch 200/454, Loss: 0.0017, Point Loss: 0.0381, Dist Loss: -0.3301, Uncert Loss: 0.5927, ETA: 217s
2024-12-05 01:04:47,763 - INFO - Epoch 29, Progress: 55.3%, Batch 250/454, Loss: 0.0450, Point Loss: 0.0491, Dist Loss: -0.2206, Uncert Loss: 0.5681, ETA: 174s
2024-12-05 01:05:29,625 - INFO - Epoch 29, Progress: 66.3%, Batch 300/454, Loss: 0.0539, Point Loss: 0.0541, Dist Loss: -0.1847, Uncert Loss: 0.5309, ETA: 131s
2024-12-05 01:06:15,868 - INFO - Epoch 29, Progress: 77.3%, Batch 350/454, Loss: 0.0450, Point Loss: 0.0438, Dist Loss: -0.2229, Uncert Loss: 0.5833, ETA: 89s
2024-12-05 01:07:02,972 - INFO - Epoch 29, Progress: 88.3%, Batch 400/454, Loss: 0.0148, Point Loss: 0.0452, Dist Loss: -0.2740, Uncert Loss: 0.5316, ETA: 46s
2024-12-05 01:07:51,003 - INFO - Epoch 29, Progress: 99.3%, Batch 450/454, Loss: 0.0277, Point Loss: 0.0475, Dist Loss: -0.2437, Uncert Loss: 0.5311, ETA: 3s
2024-12-05 01:08:03,047 - INFO - Epoch 29 completed in 411s, Train Loss: 0.0350, Val Loss: 0.5520
2024-12-05 01:08:07,018 - INFO - Epoch 30, Progress: 0.2%, Batch 0/454, Loss: 0.1023, Point Loss: 0.0547, Dist Loss: -0.1030, Uncert Loss: 0.6078, ETA: 1737s
2024-12-05 01:08:51,291 - INFO - Epoch 30, Progress: 11.2%, Batch 50/454, Loss: 0.0071, Point Loss: 0.0325, Dist Loss: -0.3269, Uncert Loss: 0.6245, ETA: 380s
2024-12-05 01:09:35,493 - INFO - Epoch 30, Progress: 22.2%, Batch 100/454, Loss: 0.1318, Point Loss: 0.0593, Dist Loss: -0.0355, Uncert Loss: 0.6113, ETA: 323s
2024-12-05 01:10:18,267 - INFO - Epoch 30, Progress: 33.3%, Batch 150/454, Loss: 0.0543, Point Loss: 0.0516, Dist Loss: -0.1827, Uncert Loss: 0.5338, ETA: 271s
2024-12-05 01:11:01,800 - INFO - Epoch 30, Progress: 44.3%, Batch 200/454, Loss: -0.0364, Point Loss: 0.0297, Dist Loss: -0.4124, Uncert Loss: 0.5834, ETA: 225s
2024-12-05 01:11:46,052 - INFO - Epoch 30, Progress: 55.3%, Batch 250/454, Loss: 0.0178, Point Loss: 0.0380, Dist Loss: -0.3002, Uncert Loss: 0.6132, ETA: 180s
2024-12-05 01:12:28,554 - INFO - Epoch 30, Progress: 66.3%, Batch 300/454, Loss: 0.0579, Point Loss: 0.0432, Dist Loss: -0.2059, Uncert Loss: 0.6151, ETA: 135s
2024-12-05 01:13:12,060 - INFO - Epoch 30, Progress: 77.3%, Batch 350/454, Loss: 0.0381, Point Loss: 0.0468, Dist Loss: -0.2354, Uncert Loss: 0.5678, ETA: 91s
2024-12-05 01:13:54,782 - INFO - Epoch 30, Progress: 88.3%, Batch 400/454, Loss: 0.0238, Point Loss: 0.0389, Dist Loss: -0.2833, Uncert Loss: 0.6078, ETA: 46s
2024-12-05 01:14:42,028 - INFO - Epoch 30, Progress: 99.3%, Batch 450/454, Loss: -0.0057, Point Loss: 0.0345, Dist Loss: -0.3359, Uncert Loss: 0.5740, ETA: 3s
2024-12-05 01:14:54,026 - INFO - Epoch 30 completed in 411s, Train Loss: 0.0280, Val Loss: 0.7120
2024-12-05 01:14:57,921 - INFO - Epoch 31, Progress: 0.2%, Batch 0/454, Loss: 0.0021, Point Loss: 0.0340, Dist Loss: -0.3453, Uncert Loss: 0.6331, ETA: 1764s
2024-12-05 01:15:47,190 - INFO - Epoch 31, Progress: 11.2%, Batch 50/454, Loss: -0.0306, Point Loss: 0.0312, Dist Loss: -0.4225, Uncert Loss: 0.6295, ETA: 420s
2024-12-05 01:16:36,092 - INFO - Epoch 31, Progress: 22.2%, Batch 100/454, Loss: -0.0065, Point Loss: 0.0340, Dist Loss: -0.3471, Uncert Loss: 0.5937, ETA: 357s
2024-12-05 01:17:26,006 - INFO - Epoch 31, Progress: 33.3%, Batch 150/454, Loss: 0.0041, Point Loss: 0.0364, Dist Loss: -0.3120, Uncert Loss: 0.5717, ETA: 305s
2024-12-05 01:18:13,589 - INFO - Epoch 31, Progress: 44.3%, Batch 200/454, Loss: 0.0230, Point Loss: 0.0358, Dist Loss: -0.2775, Uncert Loss: 0.5981, ETA: 251s
2024-12-05 01:19:02,554 - INFO - Epoch 31, Progress: 55.3%, Batch 250/454, Loss: 0.0929, Point Loss: 0.0394, Dist Loss: -0.1575, Uncert Loss: 0.7005, ETA: 201s
2024-12-05 01:19:48,728 - INFO - Epoch 31, Progress: 66.3%, Batch 300/454, Loss: -0.0057, Point Loss: 0.0358, Dist Loss: -0.3238, Uncert Loss: 0.5473, ETA: 150s
2024-12-05 01:20:34,300 - INFO - Epoch 31, Progress: 77.3%, Batch 350/454, Loss: 0.0084, Point Loss: 0.0399, Dist Loss: -0.2875, Uncert Loss: 0.5373, ETA: 100s
2024-12-05 01:21:21,253 - INFO - Epoch 31, Progress: 88.3%, Batch 400/454, Loss: -0.0681, Point Loss: 0.0353, Dist Loss: -0.4107, Uncert Loss: 0.4103, ETA: 51s
2024-12-05 01:22:07,664 - INFO - Epoch 31, Progress: 99.3%, Batch 450/454, Loss: 0.0193, Point Loss: 0.0453, Dist Loss: -0.2590, Uncert Loss: 0.5242, ETA: 3s
2024-12-05 01:22:20,246 - INFO - Epoch 31 completed in 446s, Train Loss: 0.0226, Val Loss: 0.6681
2024-12-05 01:22:24,370 - INFO - Epoch 32, Progress: 0.2%, Batch 0/454, Loss: 0.0049, Point Loss: 0.0386, Dist Loss: -0.3090, Uncert Loss: 0.5653, ETA: 1867s
2024-12-05 01:23:12,856 - INFO - Epoch 32, Progress: 11.2%, Batch 50/454, Loss: -0.0330, Point Loss: 0.0338, Dist Loss: -0.3728, Uncert Loss: 0.5132, ETA: 416s
2024-12-05 01:23:59,281 - INFO - Epoch 32, Progress: 22.2%, Batch 100/454, Loss: -0.0008, Point Loss: 0.0302, Dist Loss: -0.3313, Uncert Loss: 0.5982, ETA: 346s
2024-12-05 01:24:45,975 - INFO - Epoch 32, Progress: 33.3%, Batch 150/454, Loss: 0.0096, Point Loss: 0.0412, Dist Loss: -0.3018, Uncert Loss: 0.5696, ETA: 292s
2024-12-05 01:25:30,206 - INFO - Epoch 32, Progress: 44.3%, Batch 200/454, Loss: -0.0123, Point Loss: 0.0367, Dist Loss: -0.3725, Uncert Loss: 0.6102, ETA: 239s
2024-12-05 01:26:16,576 - INFO - Epoch 32, Progress: 55.3%, Batch 250/454, Loss: 0.0092, Point Loss: 0.0445, Dist Loss: -0.3062, Uncert Loss: 0.5693, ETA: 191s
2024-12-05 01:27:03,409 - INFO - Epoch 32, Progress: 66.3%, Batch 300/454, Loss: 0.0130, Point Loss: 0.0428, Dist Loss: -0.2728, Uncert Loss: 0.5251, ETA: 144s
2024-12-05 01:27:47,597 - INFO - Epoch 32, Progress: 77.3%, Batch 350/454, Loss: 0.0452, Point Loss: 0.0473, Dist Loss: -0.2116, Uncert Loss: 0.5549, ETA: 96s
2024-12-05 01:28:32,077 - INFO - Epoch 32, Progress: 88.3%, Batch 400/454, Loss: -0.0473, Point Loss: 0.0322, Dist Loss: -0.4241, Uncert Loss: 0.5473, ETA: 49s
2024-12-05 01:29:16,873 - INFO - Epoch 32, Progress: 99.3%, Batch 450/454, Loss: 0.0214, Point Loss: 0.0548, Dist Loss: -0.2635, Uncert Loss: 0.5246, ETA: 3s
2024-12-05 01:29:28,747 - INFO - Epoch 32 completed in 428s, Train Loss: 0.0152, Val Loss: 0.6716
2024-12-05 01:29:32,843 - INFO - Epoch 33, Progress: 0.2%, Batch 0/454, Loss: 0.0001, Point Loss: 0.0426, Dist Loss: -0.3148, Uncert Loss: 0.5451, ETA: 1855s
2024-12-05 01:30:18,366 - INFO - Epoch 33, Progress: 11.2%, Batch 50/454, Loss: -0.0215, Point Loss: 0.0322, Dist Loss: -0.3514, Uncert Loss: 0.5309, ETA: 392s
2024-12-05 01:31:03,534 - INFO - Epoch 33, Progress: 22.2%, Batch 100/454, Loss: -0.0060, Point Loss: 0.0362, Dist Loss: -0.3482, Uncert Loss: 0.5939, ETA: 331s
2024-12-05 01:31:50,072 - INFO - Epoch 33, Progress: 33.3%, Batch 150/454, Loss: 0.0528, Point Loss: 0.0400, Dist Loss: -0.2295, Uncert Loss: 0.6430, ETA: 284s
2024-12-05 01:32:36,175 - INFO - Epoch 33, Progress: 44.3%, Batch 200/454, Loss: 0.0038, Point Loss: 0.0368, Dist Loss: -0.3224, Uncert Loss: 0.5901, ETA: 236s
2024-12-05 01:33:21,087 - INFO - Epoch 33, Progress: 55.3%, Batch 250/454, Loss: 0.0722, Point Loss: 0.0452, Dist Loss: -0.1723, Uncert Loss: 0.6154, ETA: 188s
2024-12-05 01:34:06,264 - INFO - Epoch 33, Progress: 66.3%, Batch 300/454, Loss: 0.0329, Point Loss: 0.0386, Dist Loss: -0.2186, Uncert Loss: 0.5246, ETA: 141s
2024-12-05 01:34:51,438 - INFO - Epoch 33, Progress: 77.3%, Batch 350/454, Loss: 0.0401, Point Loss: 0.0334, Dist Loss: -0.3009, Uncert Loss: 0.7353, ETA: 95s
2024-12-05 01:35:36,126 - INFO - Epoch 33, Progress: 88.3%, Batch 400/454, Loss: 0.0246, Point Loss: 0.0413, Dist Loss: -0.2677, Uncert Loss: 0.5758, ETA: 49s
2024-12-05 01:36:20,133 - INFO - Epoch 33, Progress: 99.3%, Batch 450/454, Loss: -0.0188, Point Loss: 0.0410, Dist Loss: -0.3670, Uncert Loss: 0.5577, ETA: 3s
2024-12-05 01:36:32,352 - INFO - Epoch 33 completed in 424s, Train Loss: 0.0083, Val Loss: 0.5584
2024-12-05 01:36:36,523 - INFO - Epoch 34, Progress: 0.2%, Batch 0/454, Loss: 0.0039, Point Loss: 0.0350, Dist Loss: -0.3265, Uncert Loss: 0.6025, ETA: 1889s
2024-12-05 01:37:23,233 - INFO - Epoch 34, Progress: 11.2%, Batch 50/454, Loss: -0.0716, Point Loss: 0.0300, Dist Loss: -0.5018, Uncert Loss: 0.5855, ETA: 402s
2024-12-05 01:38:11,473 - INFO - Epoch 34, Progress: 22.2%, Batch 100/454, Loss: 0.0251, Point Loss: 0.0472, Dist Loss: -0.2671, Uncert Loss: 0.5655, ETA: 346s
2024-12-05 01:38:57,700 - INFO - Epoch 34, Progress: 33.3%, Batch 150/454, Loss: 0.0563, Point Loss: 0.0446, Dist Loss: -0.2213, Uncert Loss: 0.6349, ETA: 292s
2024-12-05 01:39:42,780 - INFO - Epoch 34, Progress: 44.3%, Batch 200/454, Loss: -0.0124, Point Loss: 0.0337, Dist Loss: -0.3293, Uncert Loss: 0.5290, ETA: 240s
2024-12-05 01:40:28,263 - INFO - Epoch 34, Progress: 55.3%, Batch 250/454, Loss: -0.0145, Point Loss: 0.0320, Dist Loss: -0.3451, Uncert Loss: 0.5537, ETA: 191s
2024-12-05 01:41:18,786 - INFO - Epoch 34, Progress: 66.3%, Batch 300/454, Loss: 0.0434, Point Loss: 0.0438, Dist Loss: -0.2124, Uncert Loss: 0.5543, ETA: 146s
2024-12-05 01:42:08,746 - INFO - Epoch 34, Progress: 77.3%, Batch 350/454, Loss: 0.0005, Point Loss: 0.0340, Dist Loss: -0.3285, Uncert Loss: 0.5914, ETA: 99s
2024-12-05 01:42:58,186 - INFO - Epoch 34, Progress: 88.3%, Batch 400/454, Loss: 0.0184, Point Loss: 0.0393, Dist Loss: -0.2966, Uncert Loss: 0.6066, ETA: 51s
2024-12-05 01:43:46,536 - INFO - Epoch 34, Progress: 99.3%, Batch 450/454, Loss: -0.0064, Point Loss: 0.0353, Dist Loss: -0.3470, Uncert Loss: 0.5914, ETA: 3s
2024-12-05 01:43:58,769 - INFO - Epoch 34 completed in 446s, Train Loss: 0.0038, Val Loss: 0.5747
2024-12-05 01:44:02,968 - INFO - Epoch 35, Progress: 0.2%, Batch 0/454, Loss: 0.0790, Point Loss: 0.0594, Dist Loss: -0.1059, Uncert Loss: 0.4878, ETA: 1841s
2024-12-05 01:44:50,537 - INFO - Epoch 35, Progress: 11.2%, Batch 50/454, Loss: -0.0042, Point Loss: 0.0316, Dist Loss: -0.3277, Uncert Loss: 0.5711, ETA: 408s
2024-12-05 01:45:39,766 - INFO - Epoch 35, Progress: 22.2%, Batch 100/454, Loss: 0.0782, Point Loss: 0.0487, Dist Loss: -0.1727, Uncert Loss: 0.6392, ETA: 353s
2024-12-05 01:46:26,857 - INFO - Epoch 35, Progress: 33.3%, Batch 150/454, Loss: 0.0017, Point Loss: 0.0316, Dist Loss: -0.3291, Uncert Loss: 0.6035, ETA: 297s
2024-12-05 01:47:11,089 - INFO - Epoch 35, Progress: 44.3%, Batch 200/454, Loss: 0.0374, Point Loss: 0.0456, Dist Loss: -0.2230, Uncert Loss: 0.5419, ETA: 242s
2024-12-05 01:47:54,910 - INFO - Epoch 35, Progress: 55.3%, Batch 250/454, Loss: -0.0193, Point Loss: 0.0383, Dist Loss: -0.3374, Uncert Loss: 0.5019, ETA: 191s
2024-12-05 01:48:37,990 - INFO - Epoch 35, Progress: 66.3%, Batch 300/454, Loss: -0.0505, Point Loss: 0.0349, Dist Loss: -0.4458, Uncert Loss: 0.5693, ETA: 142s
2024-12-05 01:49:26,772 - INFO - Epoch 35, Progress: 77.3%, Batch 350/454, Loss: 0.0177, Point Loss: 0.0405, Dist Loss: -0.2831, Uncert Loss: 0.5734, ETA: 96s
2024-12-05 01:50:10,401 - INFO - Epoch 35, Progress: 88.3%, Batch 400/454, Loss: -0.0389, Point Loss: 0.0315, Dist Loss: -0.4107, Uncert Loss: 0.5638, ETA: 49s
2024-12-05 01:50:53,888 - INFO - Epoch 35, Progress: 99.3%, Batch 450/454, Loss: -0.0072, Point Loss: 0.0458, Dist Loss: -0.2926, Uncert Loss: 0.4573, ETA: 3s
2024-12-05 01:51:06,388 - INFO - Epoch 35 completed in 427s, Train Loss: -0.0040, Val Loss: 0.5898
2024-12-05 01:51:10,633 - INFO - Epoch 36, Progress: 0.2%, Batch 0/454, Loss: 0.0067, Point Loss: 0.0414, Dist Loss: -0.3161, Uncert Loss: 0.5826, ETA: 1922s
2024-12-05 01:51:56,198 - INFO - Epoch 36, Progress: 11.2%, Batch 50/454, Loss: 0.0093, Point Loss: 0.0378, Dist Loss: -0.3055, Uncert Loss: 0.5820, ETA: 394s
2024-12-05 01:52:41,645 - INFO - Epoch 36, Progress: 22.2%, Batch 100/454, Loss: -0.0405, Point Loss: 0.0312, Dist Loss: -0.4056, Uncert Loss: 0.5464, ETA: 333s
2024-12-05 01:53:24,924 - INFO - Epoch 36, Progress: 33.3%, Batch 150/454, Loss: 0.0006, Point Loss: 0.0470, Dist Loss: -0.3016, Uncert Loss: 0.5121, ETA: 278s
2024-12-05 01:54:09,149 - INFO - Epoch 36, Progress: 44.3%, Batch 200/454, Loss: -0.0548, Point Loss: 0.0344, Dist Loss: -0.4536, Uncert Loss: 0.5642, ETA: 230s
2024-12-05 01:54:55,499 - INFO - Epoch 36, Progress: 55.3%, Batch 250/454, Loss: -0.0104, Point Loss: 0.0296, Dist Loss: -0.3669, Uncert Loss: 0.6226, ETA: 185s
2024-12-05 01:55:46,710 - INFO - Epoch 36, Progress: 66.3%, Batch 300/454, Loss: -0.0171, Point Loss: 0.0309, Dist Loss: -0.3645, Uncert Loss: 0.5819, ETA: 142s
2024-12-05 01:56:48,729 - INFO - Epoch 36, Progress: 77.3%, Batch 350/454, Loss: -0.0181, Point Loss: 0.0346, Dist Loss: -0.3511, Uncert Loss: 0.5428, ETA: 100s
2024-12-05 01:57:47,515 - INFO - Epoch 36, Progress: 88.3%, Batch 400/454, Loss: -0.0101, Point Loss: 0.0286, Dist Loss: -0.3614, Uncert Loss: 0.6153, ETA: 53s
2024-12-05 01:58:31,394 - INFO - Epoch 36, Progress: 99.3%, Batch 450/454, Loss: -0.0637, Point Loss: 0.0327, Dist Loss: -0.4693, Uncert Loss: 0.5545, ETA: 3s
2024-12-05 01:58:44,190 - INFO - Epoch 36 completed in 458s, Train Loss: -0.0090, Val Loss: 0.7295
2024-12-05 01:58:47,941 - INFO - Epoch 37, Progress: 0.2%, Batch 0/454, Loss: -0.0047, Point Loss: 0.0352, Dist Loss: -0.3336, Uncert Loss: 0.5731, ETA: 1699s
2024-12-05 01:59:35,556 - INFO - Epoch 37, Progress: 11.2%, Batch 50/454, Loss: -0.0380, Point Loss: 0.0359, Dist Loss: -0.3961, Uncert Loss: 0.5306, ETA: 406s
2024-12-05 02:00:21,988 - INFO - Epoch 37, Progress: 22.2%, Batch 100/454, Loss: -0.0331, Point Loss: 0.0318, Dist Loss: -0.4011, Uncert Loss: 0.5731, ETA: 342s
2024-12-05 02:01:09,309 - INFO - Epoch 37, Progress: 33.3%, Batch 150/454, Loss: 0.0352, Point Loss: 0.0381, Dist Loss: -0.2418, Uncert Loss: 0.5835, ETA: 291s
2024-12-05 02:01:56,805 - INFO - Epoch 37, Progress: 44.3%, Batch 200/454, Loss: 0.0330, Point Loss: 0.0402, Dist Loss: -0.2487, Uncert Loss: 0.5820, ETA: 242s
2024-12-05 02:02:44,301 - INFO - Epoch 37, Progress: 55.3%, Batch 250/454, Loss: 0.0184, Point Loss: 0.0438, Dist Loss: -0.2750, Uncert Loss: 0.5542, ETA: 194s
2024-12-05 02:03:32,015 - INFO - Epoch 37, Progress: 66.3%, Batch 300/454, Loss: 0.0151, Point Loss: 0.0426, Dist Loss: -0.2745, Uncert Loss: 0.5390, ETA: 146s
2024-12-05 02:04:19,531 - INFO - Epoch 37, Progress: 77.3%, Batch 350/454, Loss: 0.0102, Point Loss: 0.0409, Dist Loss: -0.3084, Uncert Loss: 0.5861, ETA: 98s
2024-12-05 02:05:07,310 - INFO - Epoch 37, Progress: 88.3%, Batch 400/454, Loss: -0.0247, Point Loss: 0.0408, Dist Loss: -0.3570, Uncert Loss: 0.5088, ETA: 51s
2024-12-05 02:05:55,221 - INFO - Epoch 37, Progress: 99.3%, Batch 450/454, Loss: -0.0576, Point Loss: 0.0288, Dist Loss: -0.4448, Uncert Loss: 0.5440, ETA: 3s
2024-12-05 02:06:07,517 - INFO - Epoch 37 completed in 443s, Train Loss: -0.0142, Val Loss: 0.7370
2024-12-05 02:06:11,274 - INFO - Epoch 38, Progress: 0.2%, Batch 0/454, Loss: -0.0778, Point Loss: 0.0287, Dist Loss: -0.5144, Uncert Loss: 0.5823, ETA: 1702s
2024-12-05 02:06:59,375 - INFO - Epoch 38, Progress: 11.2%, Batch 50/454, Loss: -0.0042, Point Loss: 0.0391, Dist Loss: -0.3204, Uncert Loss: 0.5414, ETA: 410s
2024-12-05 02:07:47,300 - INFO - Epoch 38, Progress: 22.2%, Batch 100/454, Loss: -0.0907, Point Loss: 0.0283, Dist Loss: -0.5296, Uncert Loss: 0.5492, ETA: 349s
2024-12-05 02:08:34,824 - INFO - Epoch 38, Progress: 33.3%, Batch 150/454, Loss: -0.0761, Point Loss: 0.0301, Dist Loss: -0.4998, Uncert Loss: 0.5591, ETA: 296s
2024-12-05 02:09:22,440 - INFO - Epoch 38, Progress: 44.3%, Batch 200/454, Loss: -0.0306, Point Loss: 0.0333, Dist Loss: -0.4079, Uncert Loss: 0.5963, ETA: 245s
2024-12-05 02:10:09,780 - INFO - Epoch 38, Progress: 55.3%, Batch 250/454, Loss: 0.0779, Point Loss: 0.0481, Dist Loss: -0.1767, Uncert Loss: 0.6470, ETA: 196s
2024-12-05 02:10:57,123 - INFO - Epoch 38, Progress: 66.3%, Batch 300/454, Loss: -0.0382, Point Loss: 0.0285, Dist Loss: -0.4145, Uncert Loss: 0.5809, ETA: 147s
2024-12-05 02:11:44,527 - INFO - Epoch 38, Progress: 77.3%, Batch 350/454, Loss: -0.0149, Point Loss: 0.0331, Dist Loss: -0.3581, Uncert Loss: 0.5753, ETA: 99s
2024-12-05 02:12:32,299 - INFO - Epoch 38, Progress: 88.3%, Batch 400/454, Loss: -0.0261, Point Loss: 0.0341, Dist Loss: -0.3470, Uncert Loss: 0.4953, ETA: 51s
2024-12-05 02:13:19,735 - INFO - Epoch 38, Progress: 99.3%, Batch 450/454, Loss: -0.0080, Point Loss: 0.0424, Dist Loss: -0.3171, Uncert Loss: 0.5094, ETA: 3s
2024-12-05 02:13:31,886 - INFO - Epoch 38 completed in 444s, Train Loss: -0.0211, Val Loss: 0.6107
2024-12-05 02:13:35,584 - INFO - Epoch 39, Progress: 0.2%, Batch 0/454, Loss: -0.0140, Point Loss: 0.0334, Dist Loss: -0.3873, Uncert Loss: 0.6379, ETA: 1675s
2024-12-05 02:14:23,387 - INFO - Epoch 39, Progress: 11.2%, Batch 50/454, Loss: -0.0096, Point Loss: 0.0368, Dist Loss: -0.3360, Uncert Loss: 0.5505, ETA: 407s
2024-12-05 02:15:10,886 - INFO - Epoch 39, Progress: 22.2%, Batch 100/454, Loss: -0.0332, Point Loss: 0.0327, Dist Loss: -0.4137, Uncert Loss: 0.5959, ETA: 346s
2024-12-05 02:15:58,338 - INFO - Epoch 39, Progress: 33.3%, Batch 150/454, Loss: -0.0636, Point Loss: 0.0321, Dist Loss: -0.4651, Uncert Loss: 0.5484, ETA: 294s
2024-12-05 02:16:45,606 - INFO - Epoch 39, Progress: 44.3%, Batch 200/454, Loss: -0.0614, Point Loss: 0.0297, Dist Loss: -0.4813, Uncert Loss: 0.5961, ETA: 244s
2024-12-05 02:17:32,881 - INFO - Epoch 39, Progress: 55.3%, Batch 250/454, Loss: 0.0061, Point Loss: 0.0400, Dist Loss: -0.2911, Uncert Loss: 0.5329, ETA: 195s
2024-12-05 02:18:20,291 - INFO - Epoch 39, Progress: 66.3%, Batch 300/454, Loss: -0.0452, Point Loss: 0.0262, Dist Loss: -0.4326, Uncert Loss: 0.5870, ETA: 147s
2024-12-05 02:19:07,731 - INFO - Epoch 39, Progress: 77.3%, Batch 350/454, Loss: 0.0030, Point Loss: 0.0409, Dist Loss: -0.3241, Uncert Loss: 0.5813, ETA: 99s
2024-12-05 02:19:55,062 - INFO - Epoch 39, Progress: 88.3%, Batch 400/454, Loss: -0.0060, Point Loss: 0.0312, Dist Loss: -0.3563, Uncert Loss: 0.6204, ETA: 51s
2024-12-05 02:20:42,885 - INFO - Epoch 39, Progress: 99.3%, Batch 450/454, Loss: 0.0435, Point Loss: 0.0433, Dist Loss: -0.2446, Uncert Loss: 0.6201, ETA: 3s
2024-12-05 02:20:55,116 - INFO - Epoch 39 completed in 443s, Train Loss: -0.0277, Val Loss: 0.6392
2024-12-05 02:20:58,946 - INFO - Epoch 40, Progress: 0.2%, Batch 0/454, Loss: -0.0442, Point Loss: 0.0455, Dist Loss: -0.3790, Uncert Loss: 0.4459, ETA: 1675s
2024-12-05 02:21:49,465 - INFO - Epoch 40, Progress: 11.2%, Batch 50/454, Loss: -0.0143, Point Loss: 0.0328, Dist Loss: -0.3697, Uncert Loss: 0.6023, ETA: 428s
2024-12-05 02:22:38,844 - INFO - Epoch 40, Progress: 22.2%, Batch 100/454, Loss: -0.0530, Point Loss: 0.0284, Dist Loss: -0.4437, Uncert Loss: 0.5654, ETA: 362s
2024-12-05 02:23:27,579 - INFO - Epoch 40, Progress: 33.3%, Batch 150/454, Loss: -0.0076, Point Loss: 0.0371, Dist Loss: -0.3428, Uncert Loss: 0.5733, ETA: 306s
2024-12-05 02:24:14,915 - INFO - Epoch 40, Progress: 44.3%, Batch 200/454, Loss: -0.0388, Point Loss: 0.0322, Dist Loss: -0.3960, Uncert Loss: 0.5336, ETA: 251s
2024-12-05 02:25:02,806 - INFO - Epoch 40, Progress: 55.3%, Batch 250/454, Loss: -0.0109, Point Loss: 0.0330, Dist Loss: -0.3302, Uncert Loss: 0.5399, ETA: 200s
2024-12-05 02:25:50,208 - INFO - Epoch 40, Progress: 66.3%, Batch 300/454, Loss: -0.0590, Point Loss: 0.0343, Dist Loss: -0.4389, Uncert Loss: 0.5144, ETA: 150s
2024-12-05 02:26:37,091 - INFO - Epoch 40, Progress: 77.3%, Batch 350/454, Loss: -0.0370, Point Loss: 0.0308, Dist Loss: -0.4233, Uncert Loss: 0.5998, ETA: 100s
2024-12-05 02:27:24,039 - INFO - Epoch 40, Progress: 88.3%, Batch 400/454, Loss: -0.0340, Point Loss: 0.0379, Dist Loss: -0.4090, Uncert Loss: 0.5720, ETA: 51s
2024-12-05 02:28:11,126 - INFO - Epoch 40, Progress: 99.3%, Batch 450/454, Loss: 0.0093, Point Loss: 0.0399, Dist Loss: -0.3103, Uncert Loss: 0.5873, ETA: 3s
2024-12-05 02:28:23,301 - INFO - Epoch 40 completed in 448s, Train Loss: -0.0315, Val Loss: 0.8360
2024-12-05 02:28:26,986 - INFO - Epoch 41, Progress: 0.2%, Batch 0/454, Loss: -0.0385, Point Loss: 0.0321, Dist Loss: -0.3996, Uncert Loss: 0.5425, ETA: 1669s
2024-12-05 02:29:14,699 - INFO - Epoch 41, Progress: 11.2%, Batch 50/454, Loss: -0.0647, Point Loss: 0.0314, Dist Loss: -0.4740, Uncert Loss: 0.5618, ETA: 406s
2024-12-05 02:30:02,721 - INFO - Epoch 41, Progress: 22.2%, Batch 100/454, Loss: -0.0447, Point Loss: 0.0317, Dist Loss: -0.4369, Uncert Loss: 0.5870, ETA: 347s
2024-12-05 02:30:52,731 - INFO - Epoch 41, Progress: 33.3%, Batch 150/454, Loss: -0.0534, Point Loss: 0.0330, Dist Loss: -0.4365, Uncert Loss: 0.5399, ETA: 300s
2024-12-05 02:31:40,509 - INFO - Epoch 41, Progress: 44.3%, Batch 200/454, Loss: -0.0163, Point Loss: 0.0417, Dist Loss: -0.3872, Uncert Loss: 0.6095, ETA: 248s
2024-12-05 02:32:28,323 - INFO - Epoch 41, Progress: 55.3%, Batch 250/454, Loss: -0.0936, Point Loss: 0.0232, Dist Loss: -0.5561, Uncert Loss: 0.5979, ETA: 198s
2024-12-05 02:33:15,994 - INFO - Epoch 41, Progress: 66.3%, Batch 300/454, Loss: -0.0960, Point Loss: 0.0255, Dist Loss: -0.5542, Uncert Loss: 0.5774, ETA: 149s
2024-12-05 02:34:03,894 - INFO - Epoch 41, Progress: 77.3%, Batch 350/454, Loss: -0.0305, Point Loss: 0.0336, Dist Loss: -0.3804, Uncert Loss: 0.5408, ETA: 100s
2024-12-05 02:34:51,553 - INFO - Epoch 41, Progress: 88.3%, Batch 400/454, Loss: -0.0626, Point Loss: 0.0312, Dist Loss: -0.4804, Uncert Loss: 0.5854, ETA: 51s
2024-12-05 02:35:39,573 - INFO - Epoch 41, Progress: 99.3%, Batch 450/454, Loss: -0.0163, Point Loss: 0.0344, Dist Loss: -0.3639, Uncert Loss: 0.5777, ETA: 3s
2024-12-05 02:35:51,900 - INFO - Epoch 41 completed in 449s, Train Loss: -0.0392, Val Loss: 0.7857
2024-12-05 02:35:55,557 - INFO - Epoch 42, Progress: 0.2%, Batch 0/454, Loss: 0.0015, Point Loss: 0.0342, Dist Loss: -0.3194, Uncert Loss: 0.5781, ETA: 1656s
2024-12-05 02:36:43,678 - INFO - Epoch 42, Progress: 11.2%, Batch 50/454, Loss: -0.0829, Point Loss: 0.0308, Dist Loss: -0.4982, Uncert Loss: 0.5201, ETA: 409s
2024-12-05 02:37:31,729 - INFO - Epoch 42, Progress: 22.2%, Batch 100/454, Loss: -0.0900, Point Loss: 0.0270, Dist Loss: -0.5095, Uncert Loss: 0.5150, ETA: 349s
2024-12-05 02:38:19,529 - INFO - Epoch 42, Progress: 33.3%, Batch 150/454, Loss: 0.0279, Point Loss: 0.0403, Dist Loss: -0.2827, Uncert Loss: 0.6242, ETA: 296s
2024-12-05 02:39:07,392 - INFO - Epoch 42, Progress: 44.3%, Batch 200/454, Loss: -0.1205, Point Loss: 0.0259, Dist Loss: -0.6009, Uncert Loss: 0.5473, ETA: 246s
2024-12-05 02:39:55,519 - INFO - Epoch 42, Progress: 55.3%, Batch 250/454, Loss: -0.0562, Point Loss: 0.0360, Dist Loss: -0.4474, Uncert Loss: 0.5420, ETA: 197s
2024-12-05 02:40:43,730 - INFO - Epoch 42, Progress: 66.3%, Batch 300/454, Loss: -0.0017, Point Loss: 0.0334, Dist Loss: -0.3181, Uncert Loss: 0.5608, ETA: 148s
2024-12-05 02:41:31,760 - INFO - Epoch 42, Progress: 77.3%, Batch 350/454, Loss: -0.0745, Point Loss: 0.0268, Dist Loss: -0.5111, Uncert Loss: 0.5962, ETA: 100s
2024-12-05 02:42:19,049 - INFO - Epoch 42, Progress: 88.3%, Batch 400/454, Loss: 0.0304, Point Loss: 0.0342, Dist Loss: -0.2803, Uncert Loss: 0.6441, ETA: 51s
2024-12-05 02:43:06,605 - INFO - Epoch 42, Progress: 99.3%, Batch 450/454, Loss: -0.0502, Point Loss: 0.0296, Dist Loss: -0.4605, Uncert Loss: 0.6109, ETA: 3s
2024-12-05 02:43:19,632 - INFO - Epoch 42 completed in 448s, Train Loss: -0.0439, Val Loss: 0.9751
2024-12-05 02:43:23,240 - INFO - Epoch 43, Progress: 0.2%, Batch 0/454, Loss: -0.0207, Point Loss: 0.0393, Dist Loss: -0.3764, Uncert Loss: 0.5704, ETA: 1634s
2024-12-05 02:44:11,664 - INFO - Epoch 43, Progress: 11.2%, Batch 50/454, Loss: -0.0981, Point Loss: 0.0241, Dist Loss: -0.5605, Uncert Loss: 0.5821, ETA: 411s
2024-12-05 02:44:59,162 - INFO - Epoch 43, Progress: 22.2%, Batch 100/454, Loss: -0.0746, Point Loss: 0.0274, Dist Loss: -0.5011, Uncert Loss: 0.5743, ETA: 348s
2024-12-05 02:45:46,440 - INFO - Epoch 43, Progress: 33.3%, Batch 150/454, Loss: -0.0748, Point Loss: 0.0282, Dist Loss: -0.5123, Uncert Loss: 0.5940, ETA: 295s
2024-12-05 02:46:34,040 - INFO - Epoch 43, Progress: 44.3%, Batch 200/454, Loss: -0.0322, Point Loss: 0.0361, Dist Loss: -0.3838, Uncert Loss: 0.5346, ETA: 245s
2024-12-05 02:47:21,891 - INFO - Epoch 43, Progress: 55.3%, Batch 250/454, Loss: -0.0189, Point Loss: 0.0289, Dist Loss: -0.3889, Uncert Loss: 0.6252, ETA: 196s
2024-12-05 02:48:09,805 - INFO - Epoch 43, Progress: 66.3%, Batch 300/454, Loss: -0.0273, Point Loss: 0.0362, Dist Loss: -0.3899, Uncert Loss: 0.5706, ETA: 147s
2024-12-05 02:48:57,590 - INFO - Epoch 43, Progress: 77.3%, Batch 350/454, Loss: -0.0601, Point Loss: 0.0358, Dist Loss: -0.4386, Uncert Loss: 0.5049, ETA: 99s
2024-12-05 02:49:45,630 - INFO - Epoch 43, Progress: 88.3%, Batch 400/454, Loss: -0.0616, Point Loss: 0.0281, Dist Loss: -0.4937, Uncert Loss: 0.6229, ETA: 51s
2024-12-05 02:50:34,145 - INFO - Epoch 43, Progress: 99.3%, Batch 450/454, Loss: -0.0224, Point Loss: 0.0299, Dist Loss: -0.3866, Uncert Loss: 0.6012, ETA: 3s
2024-12-05 02:50:46,326 - INFO - Epoch 43 completed in 447s, Train Loss: -0.0463, Val Loss: 0.8103
2024-12-05 02:50:50,010 - INFO - Epoch 44, Progress: 0.2%, Batch 0/454, Loss: -0.0390, Point Loss: 0.0339, Dist Loss: -0.3960, Uncert Loss: 0.5290, ETA: 1669s
2024-12-05 02:51:37,995 - INFO - Epoch 44, Progress: 11.2%, Batch 50/454, Loss: -0.0018, Point Loss: 0.0358, Dist Loss: -0.3586, Uncert Loss: 0.6366, ETA: 408s
2024-12-05 02:52:25,690 - INFO - Epoch 44, Progress: 22.2%, Batch 100/454, Loss: -0.1019, Point Loss: 0.0258, Dist Loss: -0.5774, Uncert Loss: 0.5934, ETA: 347s
2024-12-05 02:53:13,267 - INFO - Epoch 44, Progress: 33.3%, Batch 150/454, Loss: -0.0407, Point Loss: 0.0356, Dist Loss: -0.4153, Uncert Loss: 0.5561, ETA: 295s
2024-12-05 02:54:01,223 - INFO - Epoch 44, Progress: 44.3%, Batch 200/454, Loss: -0.0077, Point Loss: 0.0332, Dist Loss: -0.3479, Uncert Loss: 0.5910, ETA: 245s
2024-12-05 02:54:49,392 - INFO - Epoch 44, Progress: 55.3%, Batch 250/454, Loss: -0.0519, Point Loss: 0.0420, Dist Loss: -0.4277, Uncert Loss: 0.5118, ETA: 197s
2024-12-05 02:55:37,283 - INFO - Epoch 44, Progress: 66.3%, Batch 300/454, Loss: -0.0628, Point Loss: 0.0308, Dist Loss: -0.4772, Uncert Loss: 0.5787, ETA: 148s
2024-12-05 02:56:24,792 - INFO - Epoch 44, Progress: 77.3%, Batch 350/454, Loss: -0.0399, Point Loss: 0.0313, Dist Loss: -0.4484, Uncert Loss: 0.6345, ETA: 99s
2024-12-05 02:57:12,151 - INFO - Epoch 44, Progress: 88.3%, Batch 400/454, Loss: -0.0332, Point Loss: 0.0348, Dist Loss: -0.3959, Uncert Loss: 0.5561, ETA: 51s
2024-12-05 02:57:59,258 - INFO - Epoch 44, Progress: 99.3%, Batch 450/454, Loss: -0.0635, Point Loss: 0.0283, Dist Loss: -0.4904, Uncert Loss: 0.6066, ETA: 3s
2024-12-05 02:58:11,616 - INFO - Epoch 44 completed in 445s, Train Loss: -0.0516, Val Loss: 1.0706
2024-12-05 02:58:15,388 - INFO - Epoch 45, Progress: 0.2%, Batch 0/454, Loss: -0.0797, Point Loss: 0.0287, Dist Loss: -0.5240, Uncert Loss: 0.5923, ETA: 1655s
2024-12-05 02:59:02,890 - INFO - Epoch 45, Progress: 11.2%, Batch 50/454, Loss: -0.0811, Point Loss: 0.0282, Dist Loss: -0.4910, Uncert Loss: 0.5205, ETA: 404s
2024-12-05 02:59:50,211 - INFO - Epoch 45, Progress: 22.2%, Batch 100/454, Loss: -0.0354, Point Loss: 0.0351, Dist Loss: -0.3913, Uncert Loss: 0.5355, ETA: 344s
2024-12-05 03:00:37,760 - INFO - Epoch 45, Progress: 33.3%, Batch 150/454, Loss: -0.0724, Point Loss: 0.0359, Dist Loss: -0.4561, Uncert Loss: 0.4782, ETA: 293s
2024-12-05 03:01:22,048 - INFO - Epoch 45, Progress: 44.3%, Batch 200/454, Loss: -0.0256, Point Loss: 0.0352, Dist Loss: -0.3811, Uncert Loss: 0.5636, ETA: 240s
2024-12-05 03:02:08,679 - INFO - Epoch 45, Progress: 55.3%, Batch 250/454, Loss: -0.0649, Point Loss: 0.0254, Dist Loss: -0.4714, Uncert Loss: 0.5674, ETA: 192s
2024-12-05 03:02:55,547 - INFO - Epoch 45, Progress: 66.3%, Batch 300/454, Loss: -0.1652, Point Loss: 0.0221, Dist Loss: -0.6748, Uncert Loss: 0.4794, ETA: 144s
2024-12-05 03:03:42,225 - INFO - Epoch 45, Progress: 77.3%, Batch 350/454, Loss: -0.0816, Point Loss: 0.0253, Dist Loss: -0.5346, Uncert Loss: 0.6105, ETA: 97s
2024-12-05 03:04:28,834 - INFO - Epoch 45, Progress: 88.3%, Batch 400/454, Loss: -0.0837, Point Loss: 0.0294, Dist Loss: -0.5124, Uncert Loss: 0.5477, ETA: 50s
2024-12-05 03:05:15,573 - INFO - Epoch 45, Progress: 99.3%, Batch 450/454, Loss: -0.0678, Point Loss: 0.0319, Dist Loss: -0.4789, Uncert Loss: 0.5552, ETA: 3s
2024-12-05 03:05:28,050 - INFO - Epoch 45 completed in 436s, Train Loss: -0.0560, Val Loss: 0.8037
2024-12-05 03:05:31,929 - INFO - Epoch 46, Progress: 0.2%, Batch 0/454, Loss: -0.0481, Point Loss: 0.0344, Dist Loss: -0.4147, Uncert Loss: 0.5200, ETA: 1757s
2024-12-05 03:06:19,113 - INFO - Epoch 46, Progress: 11.2%, Batch 50/454, Loss: -0.0613, Point Loss: 0.0351, Dist Loss: -0.4749, Uncert Loss: 0.5729, ETA: 403s
2024-12-05 03:07:06,161 - INFO - Epoch 46, Progress: 22.2%, Batch 100/454, Loss: -0.0473, Point Loss: 0.0262, Dist Loss: -0.4279, Uncert Loss: 0.5669, ETA: 343s
2024-12-05 03:07:52,853 - INFO - Epoch 46, Progress: 33.3%, Batch 150/454, Loss: -0.0666, Point Loss: 0.0342, Dist Loss: -0.4521, Uncert Loss: 0.5026, ETA: 291s
2024-12-05 03:08:39,414 - INFO - Epoch 46, Progress: 44.3%, Batch 200/454, Loss: -0.0927, Point Loss: 0.0305, Dist Loss: -0.5218, Uncert Loss: 0.5189, ETA: 241s
2024-12-05 03:09:26,020 - INFO - Epoch 46, Progress: 55.3%, Batch 250/454, Loss: -0.0559, Point Loss: 0.0380, Dist Loss: -0.4043, Uncert Loss: 0.4529, ETA: 192s
2024-12-05 03:10:12,784 - INFO - Epoch 46, Progress: 66.3%, Batch 300/454, Loss: -0.0970, Point Loss: 0.0318, Dist Loss: -0.5080, Uncert Loss: 0.4672, ETA: 145s
2024-12-05 03:10:59,422 - INFO - Epoch 46, Progress: 77.3%, Batch 350/454, Loss: -0.0443, Point Loss: 0.0298, Dist Loss: -0.4247, Uncert Loss: 0.5684, ETA: 97s
2024-12-05 03:11:46,279 - INFO - Epoch 46, Progress: 88.3%, Batch 400/454, Loss: -0.0460, Point Loss: 0.0304, Dist Loss: -0.4250, Uncert Loss: 0.5592, ETA: 50s
2024-12-05 03:12:32,915 - INFO - Epoch 46, Progress: 99.3%, Batch 450/454, Loss: -0.0621, Point Loss: 0.0271, Dist Loss: -0.4906, Uncert Loss: 0.6166, ETA: 3s
2024-12-05 03:12:45,561 - INFO - Epoch 46 completed in 438s, Train Loss: -0.0602, Val Loss: 0.8534
2024-12-05 03:12:49,398 - INFO - Epoch 47, Progress: 0.2%, Batch 0/454, Loss: -0.0869, Point Loss: 0.0315, Dist Loss: -0.4995, Uncert Loss: 0.5016, ETA: 1738s
2024-12-05 03:13:36,721 - INFO - Epoch 47, Progress: 11.2%, Batch 50/454, Loss: -0.0258, Point Loss: 0.0400, Dist Loss: -0.3778, Uncert Loss: 0.5467, ETA: 404s
2024-12-05 03:14:23,663 - INFO - Epoch 47, Progress: 22.2%, Batch 100/454, Loss: -0.0901, Point Loss: 0.0277, Dist Loss: -0.5233, Uncert Loss: 0.5405, ETA: 343s
2024-12-05 03:15:10,422 - INFO - Epoch 47, Progress: 33.3%, Batch 150/454, Loss: -0.0410, Point Loss: 0.0335, Dist Loss: -0.4115, Uncert Loss: 0.5510, ETA: 291s
2024-12-05 03:15:57,049 - INFO - Epoch 47, Progress: 44.3%, Batch 200/454, Loss: -0.0648, Point Loss: 0.0297, Dist Loss: -0.4631, Uncert Loss: 0.5428, ETA: 241s
2024-12-05 03:16:43,850 - INFO - Epoch 47, Progress: 55.3%, Batch 250/454, Loss: -0.0662, Point Loss: 0.0261, Dist Loss: -0.4754, Uncert Loss: 0.5677, ETA: 193s
2024-12-05 03:17:30,471 - INFO - Epoch 47, Progress: 66.3%, Batch 300/454, Loss: -0.0172, Point Loss: 0.0323, Dist Loss: -0.3711, Uncert Loss: 0.5914, ETA: 145s
2024-12-05 03:18:17,623 - INFO - Epoch 47, Progress: 77.3%, Batch 350/454, Loss: -0.0812, Point Loss: 0.0272, Dist Loss: -0.5151, Uncert Loss: 0.5697, ETA: 97s
2024-12-05 03:19:04,601 - INFO - Epoch 47, Progress: 88.3%, Batch 400/454, Loss: -0.0685, Point Loss: 0.0296, Dist Loss: -0.4803, Uncert Loss: 0.5589, ETA: 50s
2024-12-05 03:19:51,608 - INFO - Epoch 47, Progress: 99.3%, Batch 450/454, Loss: -0.0837, Point Loss: 0.0221, Dist Loss: -0.5498, Uncert Loss: 0.6372, ETA: 3s
2024-12-05 03:20:04,284 - INFO - Epoch 47 completed in 439s, Train Loss: -0.0663, Val Loss: 1.0526
2024-12-05 03:20:08,446 - INFO - Epoch 48, Progress: 0.2%, Batch 0/454, Loss: -0.1066, Point Loss: 0.0243, Dist Loss: -0.5862, Uncert Loss: 0.5910, ETA: 1885s
2024-12-05 03:20:49,408 - INFO - Epoch 48, Progress: 11.2%, Batch 50/454, Loss: -0.0772, Point Loss: 0.0296, Dist Loss: -0.5103, Uncert Loss: 0.5757, ETA: 357s
2024-12-05 03:21:25,888 - INFO - Epoch 48, Progress: 22.2%, Batch 100/454, Loss: -0.0717, Point Loss: 0.0315, Dist Loss: -0.4700, Uncert Loss: 0.5184, ETA: 285s
2024-12-05 03:22:03,284 - INFO - Epoch 48, Progress: 33.3%, Batch 150/454, Loss: -0.0622, Point Loss: 0.0305, Dist Loss: -0.4441, Uncert Loss: 0.5162, ETA: 239s
2024-12-05 03:22:40,564 - INFO - Epoch 48, Progress: 44.3%, Batch 200/454, Loss: -0.1026, Point Loss: 0.0252, Dist Loss: -0.5657, Uncert Loss: 0.5681, ETA: 197s
2024-12-05 03:23:17,882 - INFO - Epoch 48, Progress: 55.3%, Batch 250/454, Loss: -0.0610, Point Loss: 0.0324, Dist Loss: -0.4598, Uncert Loss: 0.5495, ETA: 157s
2024-12-05 03:23:55,400 - INFO - Epoch 48, Progress: 66.3%, Batch 300/454, Loss: -0.0742, Point Loss: 0.0394, Dist Loss: -0.4641, Uncert Loss: 0.4784, ETA: 117s
2024-12-05 03:24:32,827 - INFO - Epoch 48, Progress: 77.3%, Batch 350/454, Loss: -0.0958, Point Loss: 0.0280, Dist Loss: -0.5482, Uncert Loss: 0.5612, ETA: 79s
2024-12-05 03:25:10,503 - INFO - Epoch 48, Progress: 88.3%, Batch 400/454, Loss: -0.0979, Point Loss: 0.0280, Dist Loss: -0.5661, Uncert Loss: 0.5869, ETA: 40s
2024-12-05 03:25:48,312 - INFO - Epoch 48, Progress: 99.3%, Batch 450/454, Loss: -0.1355, Point Loss: 0.0247, Dist Loss: -0.6351, Uncert Loss: 0.5435, ETA: 2s
2024-12-05 03:25:59,326 - INFO - Epoch 48 completed in 355s, Train Loss: -0.0706, Val Loss: 1.0344
2024-12-05 03:26:02,281 - INFO - Epoch 49, Progress: 0.2%, Batch 0/454, Loss: -0.1041, Point Loss: 0.0248, Dist Loss: -0.5944, Uncert Loss: 0.6188, ETA: 1338s
2024-12-05 03:26:41,460 - INFO - Epoch 49, Progress: 11.2%, Batch 50/454, Loss: -0.0960, Point Loss: 0.0265, Dist Loss: -0.5308, Uncert Loss: 0.5286, ETA: 333s
2024-12-05 03:27:20,787 - INFO - Epoch 49, Progress: 22.2%, Batch 100/454, Loss: -0.0573, Point Loss: 0.0392, Dist Loss: -0.4387, Uncert Loss: 0.5124, ETA: 285s
2024-12-05 03:27:59,818 - INFO - Epoch 49, Progress: 33.3%, Batch 150/454, Loss: -0.1277, Point Loss: 0.0297, Dist Loss: -0.5863, Uncert Loss: 0.4749, ETA: 242s
2024-12-05 03:28:38,951 - INFO - Epoch 49, Progress: 44.3%, Batch 200/454, Loss: -0.0601, Point Loss: 0.0329, Dist Loss: -0.4597, Uncert Loss: 0.5531, ETA: 201s
2024-12-05 03:29:18,424 - INFO - Epoch 49, Progress: 55.3%, Batch 250/454, Loss: -0.0483, Point Loss: 0.0297, Dist Loss: -0.4363, Uncert Loss: 0.5716, ETA: 161s
2024-12-05 03:29:57,652 - INFO - Epoch 49, Progress: 66.3%, Batch 300/454, Loss: -0.0734, Point Loss: 0.0307, Dist Loss: -0.4825, Uncert Loss: 0.5366, ETA: 121s
2024-12-05 03:30:37,164 - INFO - Epoch 49, Progress: 77.3%, Batch 350/454, Loss: -0.0416, Point Loss: 0.0300, Dist Loss: -0.4191, Uncert Loss: 0.5702, ETA: 82s
2024-12-05 03:31:16,570 - INFO - Epoch 49, Progress: 88.3%, Batch 400/454, Loss: -0.1238, Point Loss: 0.0256, Dist Loss: -0.5982, Uncert Loss: 0.5260, ETA: 42s
2024-12-05 03:31:56,089 - INFO - Epoch 49, Progress: 99.3%, Batch 450/454, Loss: -0.0241, Point Loss: 0.0298, Dist Loss: -0.3815, Uncert Loss: 0.5830, ETA: 2s
2024-12-05 03:32:06,452 - INFO - Epoch 49 completed in 367s, Train Loss: -0.0754, Val Loss: 0.8436
2024-12-05 03:32:06,561 - INFO - Generating forecast plots...
2024-12-05 03:32:11,163 - INFO - Plots saved in results directory
2024-12-05 03:32:11,163 - INFO - Evaluating model...
2024-12-05 03:32:20,001 - INFO - Test metrics: {'NMAE': 19.08584312959151, 'NRMSE': 19.14687902277166, 'CRPS': 0.25740850649096747, 'NLL': 1.6537287331214456}
2024-12-05 03:32:20,016 - INFO - Results saved to results/synthetic_results.csv
2024-12-05 03:32:20,016 - INFO - Generating predictions for visualization...
2024-12-05 03:32:22,853 - INFO - Predictions saved to results/synthetic_predictions.npy
